2024-01-29 12:58:26,764 WARNING database DDL Query made to DB:
create table `tabVehicle Items` (
			name varchar(140) primary key,
			creation datetime(6),
			modified datetime(6),
			modified_by varchar(140),
			owner varchar(140),
			docstatus int(1) not null default '0',
			idx int(8) not null default '0',
			`item` varchar(140),
parent varchar(140),
parentfield varchar(140),
parenttype varchar(140),
index parent(parent),

			index modified(modified))
			ENGINE=InnoDB
			ROW_FORMAT=DYNAMIC
			CHARACTER SET=utf8mb4
			COLLATE=utf8mb4_unicode_ci
2024-01-29 12:59:50,053 WARNING database DDL Query made to DB:
ALTER TABLE `tabVehicle Items` ADD COLUMN `quantity` decimal(21,9) not null default 0, ADD COLUMN `rate` decimal(21,9) not null default 0, ADD COLUMN `amount` decimal(21,9) not null default 0
2024-01-29 13:00:15,921 WARNING database DDL Query made to DB:
ALTER TABLE `tabVehicle Items` MODIFY `rate` decimal(21,9) not null default 0, MODIFY `amount` decimal(21,9) not null default 0, MODIFY `quantity` decimal(21,9) not null default 0
2024-01-29 13:01:37,947 WARNING database DDL Query made to DB:
ALTER TABLE `tabVehicle Price` MODIFY `company_price` decimal(21,9) not null default 0, MODIFY `sale_price` decimal(21,9) not null default 0, MODIFY `customer_price` decimal(21,9) not null default 0
2024-01-29 13:02:01,830 WARNING database DDL Query made to DB:
ALTER TABLE `tabVehicle Price` MODIFY `company_price` decimal(21,9) not null default 0, MODIFY `customer_price` decimal(21,9) not null default 0, MODIFY `sale_price` decimal(21,9) not null default 0
