2024-01-29 01:04:33,751 WARNING database DDL Query made to DB:
create table `tabWebsite Offer` (
			name varchar(140) primary key,
			creation datetime(6),
			modified datetime(6),
			modified_by varchar(140),
			owner varchar(140),
			docstatus int(1) not null default '0',
			idx int(8) not null default '0',
			`offer_title` varchar(140),
`offer_subtitle` varchar(140),
`offer_details` longtext,
parent varchar(140),
parentfield varchar(140),
parenttype varchar(140),
index parent(parent),

			index modified(modified))
			ENGINE=InnoDB
			ROW_FORMAT=DYNAMIC
			CHARACTER SET=utf8mb4
			COLLATE=utf8mb4_unicode_ci
2024-01-29 01:04:33,850 WARNING database DDL Query made to DB:
create table `tabRecommended Items` (
			name varchar(140) primary key,
			creation datetime(6),
			modified datetime(6),
			modified_by varchar(140),
			owner varchar(140),
			docstatus int(1) not null default '0',
			idx int(8) not null default '0',
			`website_item` varchar(140),
`website_item_name` varchar(140),
`item_code` varchar(140),
`route` text,
`website_item_image` text,
`website_item_thumbnail` varchar(140),
parent varchar(140),
parentfield varchar(140),
parenttype varchar(140),
index parent(parent),

			index modified(modified))
			ENGINE=InnoDB
			ROW_FORMAT=DYNAMIC
			CHARACTER SET=utf8mb4
			COLLATE=utf8mb4_unicode_ci
2024-01-29 01:04:33,961 WARNING database DDL Query made to DB:
create table `tabWishlist Item` (
			name varchar(140) primary key,
			creation datetime(6),
			modified datetime(6),
			modified_by varchar(140),
			owner varchar(140),
			docstatus int(1) not null default '0',
			idx int(8) not null default '0',
			`item_code` varchar(140),
`website_item` varchar(140),
`web_item_name` varchar(140),
`item_name` varchar(140),
`item_group` varchar(140),
`description` longtext,
`route` text,
`image` text,
`warehouse` varchar(140),
parent varchar(140),
parentfield varchar(140),
parenttype varchar(140),
index parent(parent),

			index modified(modified))
			ENGINE=InnoDB
			ROW_FORMAT=DYNAMIC
			CHARACTER SET=utf8mb4
			COLLATE=utf8mb4_unicode_ci
2024-01-29 01:04:34,288 WARNING database DDL Query made to DB:
create table `tabSubcontracting Receipt` (
			name varchar(140) primary key,
			creation datetime(6),
			modified datetime(6),
			modified_by varchar(140),
			owner varchar(140),
			docstatus int(1) not null default '0',
			idx int(8) not null default '0',
			`title` varchar(140) default '{supplier_name}',
`naming_series` varchar(140),
`supplier` varchar(140),
`supplier_name` varchar(140),
`supplier_delivery_note` varchar(140),
`company` varchar(140),
`posting_date` date,
`posting_time` time(6),
`set_posting_time` int(1) not null default 0,
`is_return` int(1) not null default 0,
`return_against` varchar(140),
`cost_center` varchar(140),
`project` varchar(140),
`supplier_address` varchar(140),
`contact_person` varchar(140),
`address_display` text,
`contact_display` text,
`contact_mobile` text,
`contact_email` text,
`shipping_address` varchar(140),
`shipping_address_display` text,
`billing_address` varchar(140),
`billing_address_display` text,
`set_warehouse` varchar(140),
`rejected_warehouse` varchar(140),
`supplier_warehouse` varchar(140),
`total_qty` decimal(21,9) not null default 0,
`total` decimal(21,9) not null default 0,
`distribute_additional_costs_based_on` varchar(140) default 'Qty',
`total_additional_costs` decimal(21,9) not null default 0,
`in_words` varchar(240),
`bill_no` varchar(140),
`bill_date` date,
`status` varchar(140) default 'Draft',
`per_returned` decimal(21,9) not null default 0,
`amended_from` varchar(140),
`range` varchar(140),
`represents_company` varchar(140),
`auto_repeat` varchar(140),
`letter_head` varchar(140),
`language` varchar(140),
`instructions` text,
`select_print_heading` varchar(140),
`remarks` text,
`transporter_name` varchar(140),
`lr_no` varchar(140),
`lr_date` date,
`_user_tags` text,
`_comments` text,
`_assign` text,
`_liked_by` text,
index `supplier`(`supplier`),
index `posting_date`(`posting_date`),
index `status`(`status`),

			index modified(modified))
			ENGINE=InnoDB
			ROW_FORMAT=DYNAMIC
			CHARACTER SET=utf8mb4
			COLLATE=utf8mb4_unicode_ci
2024-01-29 01:04:34,455 WARNING database DDL Query made to DB:
create table `tabSubcontracting Receipt Supplied Item` (
			name varchar(140) primary key,
			creation datetime(6),
			modified datetime(6),
			modified_by varchar(140),
			owner varchar(140),
			docstatus int(1) not null default '0',
			idx int(8) not null default '0',
			`main_item_code` varchar(140),
`rm_item_code` varchar(140),
`item_name` varchar(140),
`bom_detail_no` varchar(140),
`description` longtext,
`stock_uom` varchar(140),
`conversion_factor` decimal(21,9) not null default 1.0,
`reference_name` varchar(140),
`rate` decimal(21,9) not null default 0,
`amount` decimal(21,9) not null default 0,
`available_qty_for_consumption` decimal(21,9) not null default 0,
`required_qty` decimal(21,9) not null default 0,
`consumed_qty` decimal(21,9) not null default 0,
`current_stock` decimal(21,9) not null default 0,
`batch_no` varchar(140),
`serial_no` text,
`subcontracting_order` varchar(140),
parent varchar(140),
parentfield varchar(140),
parenttype varchar(140),
index parent(parent),

			index modified(modified))
			ENGINE=InnoDB
			ROW_FORMAT=DYNAMIC
			CHARACTER SET=utf8mb4
			COLLATE=utf8mb4_unicode_ci
2024-01-29 01:04:34,565 WARNING database DDL Query made to DB:
create table `tabSubcontracting Order Service Item` (
			name varchar(140) primary key,
			creation datetime(6),
			modified datetime(6),
			modified_by varchar(140),
			owner varchar(140),
			docstatus int(1) not null default '0',
			idx int(8) not null default '0',
			`item_code` varchar(140),
`item_name` varchar(140),
`qty` decimal(21,9) not null default 0,
`rate` decimal(21,9) not null default 0,
`amount` decimal(21,9) not null default 0,
`fg_item` varchar(140),
`fg_item_qty` decimal(21,9) not null default 1.0,
`material_request` varchar(140),
`material_request_item` varchar(140),
index `item_code`(`item_code`),
parent varchar(140),
parentfield varchar(140),
parenttype varchar(140),
index parent(parent),

			index modified(modified))
			ENGINE=InnoDB
			ROW_FORMAT=DYNAMIC
			CHARACTER SET=utf8mb4
			COLLATE=utf8mb4_unicode_ci
2024-01-29 01:04:34,673 WARNING database DDL Query made to DB:
create table `tabSubcontracting Order Supplied Item` (
			name varchar(140) primary key,
			creation datetime(6),
			modified datetime(6),
			modified_by varchar(140),
			owner varchar(140),
			docstatus int(1) not null default '0',
			idx int(8) not null default '0',
			`main_item_code` varchar(140),
`rm_item_code` varchar(140),
`stock_uom` varchar(140),
`conversion_factor` decimal(21,9) not null default 1.0,
`reserve_warehouse` varchar(140),
`bom_detail_no` varchar(140),
`reference_name` varchar(140),
`rate` decimal(21,9) not null default 0,
`amount` decimal(21,9) not null default 0,
`required_qty` decimal(21,9) not null default 0,
`supplied_qty` decimal(21,9) not null default 0,
`consumed_qty` decimal(21,9) not null default 0,
`returned_qty` decimal(21,9) not null default 0,
`total_supplied_qty` decimal(21,9) not null default 0,
parent varchar(140),
parentfield varchar(140),
parenttype varchar(140),
index parent(parent),

			index modified(modified))
			ENGINE=InnoDB
			ROW_FORMAT=DYNAMIC
			CHARACTER SET=utf8mb4
			COLLATE=utf8mb4_unicode_ci
2024-01-29 01:04:34,815 WARNING database DDL Query made to DB:
create table `tabSubcontracting Order` (
			name varchar(140) primary key,
			creation datetime(6),
			modified datetime(6),
			modified_by varchar(140),
			owner varchar(140),
			docstatus int(1) not null default '0',
			idx int(8) not null default '0',
			`title` varchar(140) default '{supplier_name}',
`naming_series` varchar(140),
`purchase_order` varchar(140),
`supplier` varchar(140),
`supplier_name` varchar(140),
`supplier_warehouse` varchar(140),
`company` varchar(140),
`transaction_date` date,
`schedule_date` date,
`amended_from` varchar(140),
`cost_center` varchar(140),
`project` varchar(140),
`supplier_address` varchar(140),
`address_display` text,
`contact_person` varchar(140),
`contact_display` text,
`contact_mobile` text,
`contact_email` text,
`shipping_address` varchar(140),
`shipping_address_display` text,
`billing_address` varchar(140),
`billing_address_display` text,
`set_warehouse` varchar(140),
`total_qty` decimal(21,9) not null default 0,
`total` decimal(21,9) not null default 0,
`set_reserve_warehouse` varchar(140),
`distribute_additional_costs_based_on` varchar(140) default 'Qty',
`total_additional_costs` decimal(21,9) not null default 0,
`status` varchar(140) default 'Draft',
`per_received` decimal(21,9) not null default 0,
`select_print_heading` varchar(140),
`letter_head` varchar(140),
`_user_tags` text,
`_comments` text,
`_assign` text,
`_liked_by` text,
index `supplier`(`supplier`),
index `transaction_date`(`transaction_date`),
index `status`(`status`),

			index modified(modified))
			ENGINE=InnoDB
			ROW_FORMAT=DYNAMIC
			CHARACTER SET=utf8mb4
			COLLATE=utf8mb4_unicode_ci
2024-01-29 01:04:34,989 WARNING database DDL Query made to DB:
create table `tabSubcontracting Order Item` (
			name varchar(140) primary key,
			creation datetime(6),
			modified datetime(6),
			modified_by varchar(140),
			owner varchar(140),
			docstatus int(1) not null default '0',
			idx int(8) not null default '0',
			`item_code` varchar(140),
`item_name` varchar(140),
`bom` varchar(140),
`include_exploded_items` int(1) not null default 0,
`schedule_date` date,
`expected_delivery_date` date,
`description` longtext,
`image` text,
`qty` decimal(21,9) not null default 1.0,
`received_qty` decimal(21,9) not null default 0,
`returned_qty` decimal(21,9) not null default 0,
`stock_uom` varchar(140),
`conversion_factor` decimal(21,9) not null default 1.0,
`rate` decimal(21,9) not null default 0,
`amount` decimal(21,9) not null default 0,
`rm_cost_per_qty` decimal(21,9) not null default 0,
`service_cost_per_qty` decimal(21,9) not null default 0,
`additional_cost_per_qty` decimal(21,9) not null default 0,
`warehouse` varchar(140),
`expense_account` varchar(140),
`manufacturer` varchar(140),
`manufacturer_part_no` varchar(140),
`material_request` varchar(140),
`material_request_item` varchar(140),
`cost_center` varchar(140),
`project` varchar(140),
`page_break` int(1) not null default 0,
index `item_code`(`item_code`),
index `expected_delivery_date`(`expected_delivery_date`),
index `material_request`(`material_request`),
index `material_request_item`(`material_request_item`),
parent varchar(140),
parentfield varchar(140),
parenttype varchar(140),
index parent(parent),

			index modified(modified))
			ENGINE=InnoDB
			ROW_FORMAT=DYNAMIC
			CHARACTER SET=utf8mb4
			COLLATE=utf8mb4_unicode_ci
2024-01-29 01:04:35,131 WARNING database DDL Query made to DB:
create table `tabSubcontracting Receipt Item` (
			name varchar(140) primary key,
			creation datetime(6),
			modified datetime(6),
			modified_by varchar(140),
			owner varchar(140),
			docstatus int(1) not null default '0',
			idx int(8) not null default '0',
			`item_code` varchar(140),
`item_name` varchar(140),
`description` longtext,
`brand` varchar(140),
`image` text,
`received_qty` decimal(21,9) not null default 0,
`qty` decimal(21,9) not null default 0,
`rejected_qty` decimal(21,9) not null default 0,
`returned_qty` decimal(21,9) not null default 0,
`stock_uom` varchar(140),
`conversion_factor` decimal(21,9) not null default 1.0,
`rate` decimal(21,9) not null default 0,
`amount` decimal(21,9) not null default 0,
`rm_cost_per_qty` decimal(21,9) not null default 0,
`service_cost_per_qty` decimal(21,9) not null default 0,
`additional_cost_per_qty` decimal(21,9) not null default 0,
`rm_supp_cost` decimal(21,9) not null default 0,
`warehouse` varchar(140),
`rejected_warehouse` varchar(140),
`subcontracting_order` varchar(140),
`schedule_date` date,
`quality_inspection` varchar(140),
`subcontracting_order_item` varchar(140),
`subcontracting_receipt_item` varchar(140),
`bom` varchar(140),
`include_exploded_items` int(1) not null default 0,
`serial_no` text,
`batch_no` varchar(140),
`rejected_serial_no` text,
`manufacturer` varchar(140),
`manufacturer_part_no` varchar(140),
`expense_account` varchar(140),
`cost_center` varchar(140),
`project` varchar(140),
`page_break` int(1) not null default 0,
index `item_code`(`item_code`),
index `subcontracting_order`(`subcontracting_order`),
index `subcontracting_order_item`(`subcontracting_order_item`),
parent varchar(140),
parentfield varchar(140),
parenttype varchar(140),
index parent(parent),

			index modified(modified))
			ENGINE=InnoDB
			ROW_FORMAT=DYNAMIC
			CHARACTER SET=utf8mb4
			COLLATE=utf8mb4_unicode_ci
2024-01-29 01:04:46,414 WARNING database DDL Query made to DB:
ALTER TABLE `tabAddress` ADD COLUMN `tax_category` varchar(140), ADD COLUMN `is_your_company_address` int(1) not null default 0
2024-01-29 01:04:46,516 WARNING database DDL Query made to DB:
ALTER TABLE `tabContact` ADD COLUMN `is_billing_contact` int(1) not null default 0
2024-01-29 02:12:43,589 WARNING database DDL Query made to DB:
create table `tabVehicle Model` (
			name varchar(140) primary key,
			creation datetime(6),
			modified datetime(6),
			modified_by varchar(140),
			owner varchar(140),
			docstatus int(1) not null default '0',
			idx int(8) not null default '0',
			`model` varchar(140),
`_user_tags` text,
`_comments` text,
`_assign` text,
`_liked_by` text,

			index modified(modified))
			ENGINE=InnoDB
			ROW_FORMAT=DYNAMIC
			CHARACTER SET=utf8mb4
			COLLATE=utf8mb4_unicode_ci
2024-01-29 02:25:35,553 WARNING database DDL Query made to DB:
create table `tabCustom Vehicle` (
			name varchar(140) primary key,
			creation datetime(6),
			modified datetime(6),
			modified_by varchar(140),
			owner varchar(140),
			docstatus int(1) not null default '0',
			idx int(8) not null default '0',
			`package` varchar(140),
`_user_tags` text,
`_comments` text,
`_assign` text,
`_liked_by` text,

			index modified(modified))
			ENGINE=InnoDB
			ROW_FORMAT=DYNAMIC
			CHARACTER SET=utf8mb4
			COLLATE=utf8mb4_unicode_ci
2024-01-29 02:36:49,056 WARNING database DDL Query made to DB:
ALTER TABLE `tabCustom Vehicle` ADD COLUMN `car_model` varchar(140)
2024-01-29 02:42:58,619 WARNING database DDL Query made to DB:
create table `tabVehicle Manufacturer` (
			name varchar(140) primary key,
			creation datetime(6),
			modified datetime(6),
			modified_by varchar(140),
			owner varchar(140),
			docstatus int(1) not null default '0',
			idx int(8) not null default '0',
			`manufacturer_name` varchar(255),
`_user_tags` text,
`_comments` text,
`_assign` text,
`_liked_by` text,

			index modified(modified))
			ENGINE=InnoDB
			ROW_FORMAT=DYNAMIC
			CHARACTER SET=utf8mb4
			COLLATE=utf8mb4_unicode_ci
2024-01-29 02:46:46,893 WARNING database DDL Query made to DB:
ALTER TABLE `tabVehicle Model` ADD COLUMN `vehicle_manufacturer` varchar(140)
2024-01-29 02:48:24,506 WARNING database DDL Query made to DB:
ALTER TABLE `tabVehicle Manufacturer` ADD UNIQUE INDEX IF NOT EXISTS manufacturer_name (`manufacturer_name`)
2024-01-29 03:10:32,183 WARNING database DDL Query made to DB:
create table `tabVehicle Model Year` (
			name varchar(140) primary key,
			creation datetime(6),
			modified datetime(6),
			modified_by varchar(140),
			owner varchar(140),
			docstatus int(1) not null default '0',
			idx int(8) not null default '0',
			`date` date,
`_user_tags` text,
`_comments` text,
`_assign` text,
`_liked_by` text,

			index modified(modified))
			ENGINE=InnoDB
			ROW_FORMAT=DYNAMIC
			CHARACTER SET=utf8mb4
			COLLATE=utf8mb4_unicode_ci
2024-01-29 03:13:31,720 WARNING database DDL Query made to DB:
ALTER TABLE `tabVehicle Model Year` ADD COLUMN `launch_year` varchar(140) unique
2024-01-29 03:13:31,721 WARNING database DDL Query made to DB:
ALTER TABLE `tabVehicle Model Year` ADD UNIQUE INDEX IF NOT EXISTS launch_year (`launch_year`)
2024-01-29 03:14:35,141 WARNING database DDL Query made to DB:
ALTER TABLE `tabCustom Vehicle` ADD COLUMN `model_year` varchar(140)
2024-01-29 03:17:05,707 WARNING database DDL Query made to DB:
ALTER TABLE `tabCustom Vehicle` ADD COLUMN `chassis_number` varchar(140) unique
2024-01-29 03:17:05,708 WARNING database DDL Query made to DB:
ALTER TABLE `tabCustom Vehicle` ADD UNIQUE INDEX IF NOT EXISTS chassis_number (`chassis_number`)
2024-01-29 03:18:33,947 WARNING database DDL Query made to DB:
ALTER TABLE `tabCustom Vehicle` ADD COLUMN `shape` varchar(140)
2024-01-29 03:20:36,115 WARNING database DDL Query made to DB:
create table `tabAuction Grade` (
			name varchar(140) primary key,
			creation datetime(6),
			modified datetime(6),
			modified_by varchar(140),
			owner varchar(140),
			docstatus int(1) not null default '0',
			idx int(8) not null default '0',
			`grade_name` varchar(140) unique,
`_user_tags` text,
`_comments` text,
`_assign` text,
`_liked_by` text,

			index modified(modified))
			ENGINE=InnoDB
			ROW_FORMAT=DYNAMIC
			CHARACTER SET=utf8mb4
			COLLATE=utf8mb4_unicode_ci
2024-01-29 03:23:08,931 WARNING database DDL Query made to DB:
ALTER TABLE `tabAuction Grade` ADD COLUMN `grade_type` varchar(140) unique
2024-01-29 03:23:08,932 WARNING database DDL Query made to DB:
ALTER TABLE `tabAuction Grade` ADD UNIQUE INDEX IF NOT EXISTS grade_type (`grade_type`)
2024-01-29 03:25:13,778 WARNING database DDL Query made to DB:
RENAME TABLE `tabAuction Grade` TO `tabVehicle Grade`
2024-01-29 03:26:34,820 WARNING database DDL Query made to DB:
ALTER TABLE `tabCustom Vehicle` ADD COLUMN `auction_grade` varchar(140)
2024-01-29 03:29:35,662 WARNING database DDL Query made to DB:
create table `tabVehicle Color` (
			name varchar(140) primary key,
			creation datetime(6),
			modified datetime(6),
			modified_by varchar(140),
			owner varchar(140),
			docstatus int(1) not null default '0',
			idx int(8) not null default '0',
			`colour_name` varchar(140) unique,
`_user_tags` text,
`_comments` text,
`_assign` text,
`_liked_by` text,

			index modified(modified))
			ENGINE=InnoDB
			ROW_FORMAT=DYNAMIC
			CHARACTER SET=utf8mb4
			COLLATE=utf8mb4_unicode_ci
2024-01-29 03:31:43,316 WARNING database DDL Query made to DB:
ALTER TABLE `tabCustom Vehicle` ADD COLUMN `color` varchar(140)
2024-01-29 03:34:04,420 WARNING database DDL Query made to DB:
ALTER TABLE `tabCustom Vehicle` ADD COLUMN `milage` decimal(21,9) not null default 0, ADD COLUMN `cc` decimal(21,9) not null default 0
2024-01-29 03:34:43,886 WARNING database DDL Query made to DB:
ALTER TABLE `tabCustom Vehicle` ADD COLUMN `seat_capacity` int(11) not null default 0
2024-01-29 03:34:43,890 WARNING database DDL Query made to DB:
ALTER TABLE `tabCustom Vehicle` MODIFY `cc` decimal(21,9) not null default 0, MODIFY `milage` decimal(21,9) not null default 0
2024-01-29 03:36:03,673 WARNING database DDL Query made to DB:
ALTER TABLE `tabCustom Vehicle` ADD COLUMN `origin_country` varchar(140)
2024-01-29 03:36:03,677 WARNING database DDL Query made to DB:
ALTER TABLE `tabCustom Vehicle` MODIFY `cc` decimal(21,9) not null default 0, MODIFY `milage` decimal(21,9) not null default 0
2024-01-29 03:36:47,096 WARNING database DDL Query made to DB:
ALTER TABLE `tabCustom Vehicle` ADD COLUMN `description` longtext
2024-01-29 03:36:47,101 WARNING database DDL Query made to DB:
ALTER TABLE `tabCustom Vehicle` MODIFY `milage` decimal(21,9) not null default 0, MODIFY `cc` decimal(21,9) not null default 0
2024-01-29 03:38:05,417 WARNING database DDL Query made to DB:
ALTER TABLE `tabCustom Vehicle` MODIFY `cc` decimal(21,9) not null default 0, MODIFY `milage` decimal(21,9) not null default 0
2024-01-29 03:41:32,087 WARNING database DDL Query made to DB:
RENAME TABLE `tabCustom Vehicle` TO `tabVehicle Details`
2024-01-29 04:12:43,360 WARNING database DDL Query made to DB:
create table `tabVehicle Availability` (
			name varchar(140) primary key,
			creation datetime(6),
			modified datetime(6),
			modified_by varchar(140),
			owner varchar(140),
			docstatus int(1) not null default '0',
			idx int(8) not null default '0',
			`vehicle_info` varchar(140),
`_user_tags` text,
`_comments` text,
`_assign` text,
`_liked_by` text,

			index modified(modified))
			ENGINE=InnoDB
			ROW_FORMAT=DYNAMIC
			CHARACTER SET=utf8mb4
			COLLATE=utf8mb4_unicode_ci
2024-01-29 10:14:16,570 WARNING database DDL Query made to DB:
create table `tabVehicle Availability Series` (
			name varchar(140) primary key,
			creation datetime(6),
			modified datetime(6),
			modified_by varchar(140),
			owner varchar(140),
			docstatus int(1) not null default '0',
			idx int(8) not null default '0',
			`type` varchar(140) unique,
`_user_tags` text,
`_comments` text,
`_assign` text,
`_liked_by` text,

			index modified(modified))
			ENGINE=InnoDB
			ROW_FORMAT=DYNAMIC
			CHARACTER SET=utf8mb4
			COLLATE=utf8mb4_unicode_ci
2024-01-29 10:41:42,547 WARNING database DDL Query made to DB:
ALTER TABLE `tabVehicle Availability` ADD COLUMN `posting_date` date
2024-01-29 10:43:38,890 WARNING database DDL Query made to DB:
ALTER TABLE `tabVehicle Availability` ADD COLUMN `chassis_no` varchar(140)
2024-01-29 10:45:17,828 WARNING database DDL Query made to DB:
ALTER TABLE `tabVehicle Availability` ADD COLUMN `vehicle_name` varchar(140)
2024-01-29 10:47:35,320 WARNING database DDL Query made to DB:
ALTER TABLE `tabVehicle Availability` ADD COLUMN `model_year` varchar(140)
2024-01-29 10:49:24,838 WARNING database DDL Query made to DB:
ALTER TABLE `tabVehicle Availability` ADD COLUMN `shape` varchar(140)
2024-01-29 10:54:50,647 WARNING database DDL Query made to DB:
ALTER TABLE `tabVehicle Availability` ADD COLUMN `auction_grade` varchar(140)
2024-01-29 10:56:51,084 WARNING database DDL Query made to DB:
ALTER TABLE `tabVehicle Availability` ADD COLUMN `color` varchar(140)
2024-01-29 10:59:31,241 WARNING database DDL Query made to DB:
ALTER TABLE `tabVehicle Availability` ADD COLUMN `milage` decimal(21,9) not null default 0
2024-01-29 11:00:13,046 WARNING database DDL Query made to DB:
ALTER TABLE `tabVehicle Availability` ADD COLUMN `cc` decimal(21,9) not null default 0
2024-01-29 11:00:13,049 WARNING database DDL Query made to DB:
ALTER TABLE `tabVehicle Availability` MODIFY `milage` decimal(21,9) not null default 0
2024-01-29 11:01:06,622 WARNING database DDL Query made to DB:
ALTER TABLE `tabVehicle Availability` ADD COLUMN `description` longtext
2024-01-29 11:01:06,626 WARNING database DDL Query made to DB:
ALTER TABLE `tabVehicle Availability` MODIFY `milage` decimal(21,9) not null default 0, MODIFY `cc` decimal(21,9) not null default 0
2024-01-29 11:02:10,579 WARNING database DDL Query made to DB:
ALTER TABLE `tabVehicle Availability` MODIFY `milage` decimal(21,9) not null default 0, MODIFY `description` varchar(140), MODIFY `cc` decimal(21,9) not null default 0
2024-01-29 11:02:40,928 WARNING database DDL Query made to DB:
ALTER TABLE `tabVehicle Availability` MODIFY `milage` decimal(21,9) not null default 0, MODIFY `cc` decimal(21,9) not null default 0
2024-01-29 11:03:11,739 WARNING database DDL Query made to DB:
ALTER TABLE `tabVehicle Availability` MODIFY `cc` decimal(21,9) not null default 0, MODIFY `milage` decimal(21,9) not null default 0, MODIFY `description` longtext
2024-01-29 11:03:58,933 WARNING database DDL Query made to DB:
ALTER TABLE `tabVehicle Availability` MODIFY `cc` decimal(21,9) not null default 0, MODIFY `milage` decimal(21,9) not null default 0
2024-01-29 11:05:53,082 WARNING database DDL Query made to DB:
ALTER TABLE `tabVehicle Availability` MODIFY `milage` decimal(21,9) not null default 0, MODIFY `cc` decimal(21,9) not null default 0
2024-01-29 11:06:55,370 WARNING database DDL Query made to DB:
ALTER TABLE `tabVehicle Availability` ADD COLUMN `status` varchar(140)
2024-01-29 11:06:55,375 WARNING database DDL Query made to DB:
ALTER TABLE `tabVehicle Availability` MODIFY `milage` decimal(21,9) not null default 0, MODIFY `cc` decimal(21,9) not null default 0
2024-01-29 11:07:21,525 WARNING database DDL Query made to DB:
ALTER TABLE `tabVehicle Availability` MODIFY `cc` decimal(21,9) not null default 0, MODIFY `milage` decimal(21,9) not null default 0
2024-01-29 11:09:47,800 WARNING database DDL Query made to DB:
create table `tabPort Location` (
			name varchar(140) primary key,
			creation datetime(6),
			modified datetime(6),
			modified_by varchar(140),
			owner varchar(140),
			docstatus int(1) not null default '0',
			idx int(8) not null default '0',
			`location` varchar(140),
`_user_tags` text,
`_comments` text,
`_assign` text,
`_liked_by` text,

			index modified(modified))
			ENGINE=InnoDB
			ROW_FORMAT=DYNAMIC
			CHARACTER SET=utf8mb4
			COLLATE=utf8mb4_unicode_ci
2024-01-29 11:10:00,092 WARNING database DDL Query made to DB:
ALTER TABLE `tabPort Location` ADD UNIQUE INDEX IF NOT EXISTS location (`location`)
2024-01-29 11:12:00,328 WARNING database DDL Query made to DB:
ALTER TABLE `tabVehicle Availability` ADD COLUMN `port_location` varchar(140)
2024-01-29 11:12:00,332 WARNING database DDL Query made to DB:
ALTER TABLE `tabVehicle Availability` MODIFY `cc` decimal(21,9) not null default 0, MODIFY `milage` decimal(21,9) not null default 0
2024-01-29 11:12:55,870 WARNING database DDL Query made to DB:
ALTER TABLE `tabVehicle Availability` ADD COLUMN `shed_number` varchar(140)
2024-01-29 11:12:55,873 WARNING database DDL Query made to DB:
ALTER TABLE `tabVehicle Availability` MODIFY `milage` decimal(21,9) not null default 0, MODIFY `cc` decimal(21,9) not null default 0
2024-01-29 11:15:52,885 WARNING database DDL Query made to DB:
ALTER TABLE `tabVehicle Availability` ADD COLUMN `inhouse_address` varchar(140)
2024-01-29 11:15:52,889 WARNING database DDL Query made to DB:
ALTER TABLE `tabVehicle Availability` MODIFY `milage` decimal(21,9) not null default 0, MODIFY `cc` decimal(21,9) not null default 0
2024-01-29 11:16:22,088 WARNING database DDL Query made to DB:
ALTER TABLE `tabVehicle Availability` ADD COLUMN `workshop_address` varchar(140)
2024-01-29 11:16:22,092 WARNING database DDL Query made to DB:
ALTER TABLE `tabVehicle Availability` MODIFY `cc` decimal(21,9) not null default 0, MODIFY `milage` decimal(21,9) not null default 0
2024-01-29 11:17:17,899 WARNING database DDL Query made to DB:
ALTER TABLE `tabVehicle Availability` ADD COLUMN `other_details` varchar(140)
2024-01-29 11:17:17,902 WARNING database DDL Query made to DB:
ALTER TABLE `tabVehicle Availability` MODIFY `milage` decimal(21,9) not null default 0, MODIFY `cc` decimal(21,9) not null default 0
2024-01-29 11:21:34,807 WARNING database DDL Query made to DB:
ALTER TABLE `tabVehicle Availability` MODIFY `cc` decimal(21,9) not null default 0, MODIFY `milage` decimal(21,9) not null default 0
2024-01-29 11:22:22,607 WARNING database DDL Query made to DB:
ALTER TABLE `tabVehicle Availability` MODIFY `milage` decimal(21,9) not null default 0, MODIFY `cc` decimal(21,9) not null default 0
2024-01-29 11:23:39,246 WARNING database DDL Query made to DB:
ALTER TABLE `tabVehicle Availability` ADD COLUMN `ship_details` varchar(140)
2024-01-29 11:23:39,250 WARNING database DDL Query made to DB:
ALTER TABLE `tabVehicle Availability` MODIFY `cc` decimal(21,9) not null default 0, MODIFY `milage` decimal(21,9) not null default 0
2024-01-29 11:24:16,332 WARNING database DDL Query made to DB:
ALTER TABLE `tabVehicle Availability` MODIFY `cc` decimal(21,9) not null default 0, MODIFY `milage` decimal(21,9) not null default 0
2024-01-29 11:24:51,856 WARNING database DDL Query made to DB:
ALTER TABLE `tabVehicle Availability` MODIFY `cc` decimal(21,9) not null default 0, MODIFY `milage` decimal(21,9) not null default 0
2024-01-29 11:25:54,191 WARNING database DDL Query made to DB:
ALTER TABLE `tabVehicle Availability` MODIFY `cc` decimal(21,9) not null default 0, MODIFY `milage` decimal(21,9) not null default 0
2024-01-29 11:26:02,826 WARNING database DDL Query made to DB:
ALTER TABLE `tabVehicle Availability` MODIFY `milage` decimal(21,9) not null default 0, MODIFY `cc` decimal(21,9) not null default 0
2024-01-29 11:30:16,549 WARNING database DDL Query made to DB:
create table `tabVehicle Price` (
			name varchar(140) primary key,
			creation datetime(6),
			modified datetime(6),
			modified_by varchar(140),
			owner varchar(140),
			docstatus int(1) not null default '0',
			idx int(8) not null default '0',
			`posting_date` date,
`amended_from` varchar(140),
`_user_tags` text,
`_comments` text,
`_assign` text,
`_liked_by` text,
index `amended_from`(`amended_from`),

			index modified(modified))
			ENGINE=InnoDB
			ROW_FORMAT=DYNAMIC
			CHARACTER SET=utf8mb4
			COLLATE=utf8mb4_unicode_ci
2024-01-29 11:30:40,957 WARNING database DDL Query made to DB:
ALTER TABLE `tabVehicle Availability` ADD COLUMN `amended_from` varchar(140)
2024-01-29 11:30:40,961 WARNING database DDL Query made to DB:
ALTER TABLE `tabVehicle Availability` MODIFY `milage` decimal(21,9) not null default 0, MODIFY `cc` decimal(21,9) not null default 0
2024-01-29 11:30:40,969 WARNING database DDL Query made to DB:
ALTER TABLE `tabVehicle Availability` ADD INDEX `amended_from_index`(`amended_from`)
2024-01-29 11:32:56,679 WARNING database DDL Query made to DB:
ALTER TABLE `tabVehicle Price` ADD COLUMN `chassis_no` varchar(140)
2024-01-29 11:36:10,265 WARNING database DDL Query made to DB:
ALTER TABLE `tabVehicle Price` ADD COLUMN `vehicle_name` varchar(140)
2024-01-29 11:37:01,723 WARNING database DDL Query made to DB:
ALTER TABLE `tabVehicle Availability` MODIFY `milage` decimal(21,9) not null default 0, MODIFY `cc` decimal(21,9) not null default 0
2024-01-29 11:38:38,199 WARNING database DDL Query made to DB:
ALTER TABLE `tabVehicle Price` ADD COLUMN `company_price` decimal(21,9) not null default 0
2024-01-29 11:39:14,549 WARNING database DDL Query made to DB:
ALTER TABLE `tabVehicle Price` ADD COLUMN `customer_price` decimal(21,9) not null default 0
2024-01-29 11:39:14,552 WARNING database DDL Query made to DB:
ALTER TABLE `tabVehicle Price` MODIFY `company_price` decimal(21,9) not null default 0
2024-01-29 11:46:23,634 WARNING database DDL Query made to DB:
ALTER TABLE `tabVehicle Price` ADD COLUMN `sale_price` decimal(21,9) not null default 0
2024-01-29 11:46:23,639 WARNING database DDL Query made to DB:
ALTER TABLE `tabVehicle Price` MODIFY `company_price` decimal(21,9) not null default 0, MODIFY `customer_price` decimal(21,9) not null default 0
2024-01-29 11:47:15,687 WARNING database DDL Query made to DB:
create table `tabnew dow` (
			name varchar(140) primary key,
			creation datetime(6),
			modified datetime(6),
			modified_by varchar(140),
			owner varchar(140),
			docstatus int(1) not null default '0',
			idx int(8) not null default '0',
			`sasd` varchar(140),
`_user_tags` text,
`_comments` text,
`_assign` text,
`_liked_by` text,

			index modified(modified))
			ENGINE=InnoDB
			ROW_FORMAT=DYNAMIC
			CHARACTER SET=utf8mb4
			COLLATE=utf8mb4_unicode_ci
2024-01-29 11:52:54,581 WARNING database DDL Query made to DB:
RENAME TABLE `tabVehicle Manufacturer` TO `tabVehicle Manufacturer 2`
2024-01-29 11:54:22,316 WARNING database DDL Query made to DB:
create table `tabVehicle Manufacturer` (
			name varchar(140) primary key,
			creation datetime(6),
			modified datetime(6),
			modified_by varchar(140),
			owner varchar(140),
			docstatus int(1) not null default '0',
			idx int(8) not null default '0',
			`manufacturer_name` varchar(255) unique,
`_user_tags` text,
`_comments` text,
`_assign` text,
`_liked_by` text,

			index modified(modified))
			ENGINE=InnoDB
			ROW_FORMAT=DYNAMIC
			CHARACTER SET=utf8mb4
			COLLATE=utf8mb4_unicode_ci
2024-01-29 11:57:07,203 WARNING database DDL Query made to DB:
ALTER TABLE `tabVehicle Manufacturer` MODIFY `manufacturer_name` varchar(140)
2024-01-29 11:57:41,511 WARNING database DDL Query made to DB:
ALTER TABLE `tabVehicle Details` MODIFY `milage` decimal(21,9) not null default 0, MODIFY `cc` decimal(21,9) not null default 0
2024-01-29 11:57:41,915 WARNING database DDL Query made to DB:
ALTER TABLE `tabVehicle Availability` MODIFY `cc` decimal(21,9) not null default 0, MODIFY `milage` decimal(21,9) not null default 0
2024-01-29 11:57:42,159 WARNING database DDL Query made to DB:
RENAME TABLE `tabVehicle Model Year` TO `tabVehicle Model Year 2`
2024-01-29 11:59:02,551 WARNING database DDL Query made to DB:
create table `tabVehicle Model Year` (
			name varchar(140) primary key,
			creation datetime(6),
			modified datetime(6),
			modified_by varchar(140),
			owner varchar(140),
			docstatus int(1) not null default '0',
			idx int(8) not null default '0',
			`launch_year` varchar(140) unique,
`_user_tags` text,
`_comments` text,
`_assign` text,
`_liked_by` text,

			index modified(modified))
			ENGINE=InnoDB
			ROW_FORMAT=DYNAMIC
			CHARACTER SET=utf8mb4
			COLLATE=utf8mb4_unicode_ci
2024-01-29 12:07:22,594 WARNING database DDL Query made to DB:
ALTER TABLE `tabVehicle Details` MODIFY `milage` decimal(21,9) not null default 0, MODIFY `cc` decimal(21,9) not null default 0
2024-01-29 12:07:22,965 WARNING database DDL Query made to DB:
ALTER TABLE `tabVehicle Availability` MODIFY `cc` decimal(21,9) not null default 0, MODIFY `milage` decimal(21,9) not null default 0
2024-01-29 12:07:23,227 WARNING database DDL Query made to DB:
RENAME TABLE `tabVehicle Grade` TO `tabVehicle Grade 2`
2024-01-29 12:08:11,012 WARNING database DDL Query made to DB:
create table `tabVehicle Grade` (
			name varchar(140) primary key,
			creation datetime(6),
			modified datetime(6),
			modified_by varchar(140),
			owner varchar(140),
			docstatus int(1) not null default '0',
			idx int(8) not null default '0',
			`grade_type` varchar(140),
`_user_tags` text,
`_comments` text,
`_assign` text,
`_liked_by` text,

			index modified(modified))
			ENGINE=InnoDB
			ROW_FORMAT=DYNAMIC
			CHARACTER SET=utf8mb4
			COLLATE=utf8mb4_unicode_ci
2024-01-29 12:11:12,387 WARNING database DDL Query made to DB:
ALTER TABLE `tabVehicle Details` MODIFY `cc` decimal(21,9) not null default 0, MODIFY `milage` decimal(21,9) not null default 0
2024-01-29 12:11:12,757 WARNING database DDL Query made to DB:
ALTER TABLE `tabVehicle Availability` MODIFY `cc` decimal(21,9) not null default 0, MODIFY `milage` decimal(21,9) not null default 0
2024-01-29 12:11:12,994 WARNING database DDL Query made to DB:
RENAME TABLE `tabVehicle Color` TO `tabVehicle Color 2`
2024-01-29 12:11:48,858 WARNING database DDL Query made to DB:
create table `tabVehicle Color` (
			name varchar(140) primary key,
			creation datetime(6),
			modified datetime(6),
			modified_by varchar(140),
			owner varchar(140),
			docstatus int(1) not null default '0',
			idx int(8) not null default '0',
			`colour_name` varchar(140) unique,
`_user_tags` text,
`_comments` text,
`_assign` text,
`_liked_by` text,

			index modified(modified))
			ENGINE=InnoDB
			ROW_FORMAT=DYNAMIC
			CHARACTER SET=utf8mb4
			COLLATE=utf8mb4_unicode_ci
2024-01-29 12:12:20,242 WARNING database DDL Query made to DB:
RENAME TABLE `tabVehicle Availability Series` TO `tabVehicle Availability Series 2`
2024-01-29 12:12:52,957 WARNING database DDL Query made to DB:
create table `tabVehicle Availability Series` (
			name varchar(140) primary key,
			creation datetime(6),
			modified datetime(6),
			modified_by varchar(140),
			owner varchar(140),
			docstatus int(1) not null default '0',
			idx int(8) not null default '0',
			`type` varchar(140) unique,
`_user_tags` text,
`_comments` text,
`_assign` text,
`_liked_by` text,

			index modified(modified))
			ENGINE=InnoDB
			ROW_FORMAT=DYNAMIC
			CHARACTER SET=utf8mb4
			COLLATE=utf8mb4_unicode_ci
2024-01-29 12:14:15,879 WARNING database DDL Query made to DB:
ALTER TABLE `tabVehicle Availability` MODIFY `milage` decimal(21,9) not null default 0, MODIFY `cc` decimal(21,9) not null default 0
2024-01-29 12:14:16,182 WARNING database DDL Query made to DB:
RENAME TABLE `tabPort Location` TO `tabPort Location 2`
2024-01-29 12:14:57,885 WARNING database DDL Query made to DB:
create table `tabPort Location` (
			name varchar(140) primary key,
			creation datetime(6),
			modified datetime(6),
			modified_by varchar(140),
			owner varchar(140),
			docstatus int(1) not null default '0',
			idx int(8) not null default '0',
			`location` varchar(140) unique,
`_user_tags` text,
`_comments` text,
`_assign` text,
`_liked_by` text,

			index modified(modified))
			ENGINE=InnoDB
			ROW_FORMAT=DYNAMIC
			CHARACTER SET=utf8mb4
			COLLATE=utf8mb4_unicode_ci
2024-01-29 12:15:22,657 WARNING database DDL Query made to DB:
ALTER TABLE `tabVehicle Price` MODIFY `customer_price` decimal(21,9) not null default 0, MODIFY `sale_price` decimal(21,9) not null default 0, MODIFY `company_price` decimal(21,9) not null default 0
2024-01-29 12:15:23,012 WARNING database DDL Query made to DB:
ALTER TABLE `tabVehicle Details` MODIFY `milage` decimal(21,9) not null default 0, MODIFY `cc` decimal(21,9) not null default 0
2024-01-29 12:15:23,349 WARNING database DDL Query made to DB:
ALTER TABLE `tabVehicle Availability` MODIFY `milage` decimal(21,9) not null default 0, MODIFY `cc` decimal(21,9) not null default 0
2024-01-29 12:15:23,592 WARNING database DDL Query made to DB:
RENAME TABLE `tabVehicle Model` TO `tabVehicle Model 2`
2024-01-29 12:16:18,823 WARNING database DDL Query made to DB:
create table `tabVehicle Model` (
			name varchar(140) primary key,
			creation datetime(6),
			modified datetime(6),
			modified_by varchar(140),
			owner varchar(140),
			docstatus int(1) not null default '0',
			idx int(8) not null default '0',
			`model` varchar(140),
`vehicle_manufacturer` varchar(140),
`_user_tags` text,
`_comments` text,
`_assign` text,
`_liked_by` text,

			index modified(modified))
			ENGINE=InnoDB
			ROW_FORMAT=DYNAMIC
			CHARACTER SET=utf8mb4
			COLLATE=utf8mb4_unicode_ci
2024-01-29 12:18:31,191 WARNING database DDL Query made to DB:
RENAME TABLE `tabVehicle Price` TO `tabVehicle Price 22`
2024-01-29 12:18:38,059 WARNING database DDL Query made to DB:
RENAME TABLE `tabVehicle Price 22` TO `tabVehicle Price 2`
2024-01-29 12:20:32,066 WARNING database DDL Query made to DB:
ALTER TABLE `tabVehicle Price 2` MODIFY `sale_price` decimal(21,9) not null default 0, MODIFY `customer_price` decimal(21,9) not null default 0, MODIFY `company_price` decimal(21,9) not null default 0
2024-01-29 12:20:32,461 WARNING database DDL Query made to DB:
ALTER TABLE `tabVehicle Availability` MODIFY `milage` decimal(21,9) not null default 0, MODIFY `cc` decimal(21,9) not null default 0
2024-01-29 12:20:32,699 WARNING database DDL Query made to DB:
RENAME TABLE `tabVehicle Details` TO `tabVehicle Details 2`
2024-01-29 12:21:12,853 WARNING database DDL Query made to DB:
create table `tabVehicle Details` (
			name varchar(140) primary key,
			creation datetime(6),
			modified datetime(6),
			modified_by varchar(140),
			owner varchar(140),
			docstatus int(1) not null default '0',
			idx int(8) not null default '0',
			`package` varchar(140),
`car_model` varchar(140),
`_user_tags` text,
`_comments` text,
`_assign` text,
`_liked_by` text,

			index modified(modified))
			ENGINE=InnoDB
			ROW_FORMAT=DYNAMIC
			CHARACTER SET=utf8mb4
			COLLATE=utf8mb4_unicode_ci
2024-01-29 12:21:43,975 WARNING database DDL Query made to DB:
ALTER TABLE `tabVehicle Details` ADD COLUMN `model_year` varchar(140)
2024-01-29 12:21:58,921 WARNING database DDL Query made to DB:
ALTER TABLE `tabVehicle Details` ADD COLUMN `chassis_number` varchar(140)
2024-01-29 12:22:44,050 WARNING database DDL Query made to DB:
ALTER TABLE `tabVehicle Details` ADD COLUMN `shape` varchar(140)
2024-01-29 12:23:12,986 WARNING database DDL Query made to DB:
ALTER TABLE `tabVehicle Details` ADD COLUMN `auction_grade` varchar(140)
2024-01-29 12:23:38,711 WARNING database DDL Query made to DB:
ALTER TABLE `tabVehicle Details` ADD COLUMN `color` varchar(140)
2024-01-29 12:23:52,425 WARNING database DDL Query made to DB:
ALTER TABLE `tabVehicle Details` ADD COLUMN `milage` decimal(21,9) not null default 0
2024-01-29 12:24:48,055 WARNING database DDL Query made to DB:
ALTER TABLE `tabVehicle Details` ADD COLUMN `cc` decimal(21,9) not null default 0, ADD COLUMN `seat_capacity` int(11) not null default 0, ADD COLUMN `origin_country` varchar(140)
2024-01-29 12:24:48,060 WARNING database DDL Query made to DB:
ALTER TABLE `tabVehicle Details` MODIFY `milage` decimal(21,9) not null default 0
2024-01-29 12:25:23,612 WARNING database DDL Query made to DB:
ALTER TABLE `tabVehicle Details` ADD COLUMN `description` longtext
2024-01-29 12:25:23,616 WARNING database DDL Query made to DB:
ALTER TABLE `tabVehicle Details` MODIFY `cc` decimal(21,9) not null default 0, MODIFY `milage` decimal(21,9) not null default 0
2024-01-29 12:26:07,113 WARNING database DDL Query made to DB:
ALTER TABLE `tabVehicle Details` MODIFY `cc` decimal(21,9) not null default 0, MODIFY `milage` decimal(21,9) not null default 0, ADD UNIQUE INDEX IF NOT EXISTS chassis_number (`chassis_number`)
2024-01-29 12:26:10,793 WARNING database DDL Query made to DB:
ALTER TABLE `tabVehicle Details` MODIFY `cc` decimal(21,9) not null default 0, MODIFY `milage` decimal(21,9) not null default 0
2024-01-29 12:26:14,073 WARNING database DDL Query made to DB:
ALTER TABLE `tabVehicle Details` MODIFY `cc` decimal(21,9) not null default 0, MODIFY `milage` decimal(21,9) not null default 0
2024-01-29 12:28:03,557 WARNING database DDL Query made to DB:
create table `tabVehicle Price` (
			name varchar(140) primary key,
			creation datetime(6),
			modified datetime(6),
			modified_by varchar(140),
			owner varchar(140),
			docstatus int(1) not null default '0',
			idx int(8) not null default '0',
			`posting_date` varchar(140),
`chassis_no` varchar(140),
`_user_tags` text,
`_comments` text,
`_assign` text,
`_liked_by` text,

			index modified(modified))
			ENGINE=InnoDB
			ROW_FORMAT=DYNAMIC
			CHARACTER SET=utf8mb4
			COLLATE=utf8mb4_unicode_ci
2024-01-29 12:28:38,564 WARNING database DDL Query made to DB:
ALTER TABLE `tabVehicle Price` ADD COLUMN `vehicle_name` varchar(140)
2024-01-29 12:29:36,165 WARNING database DDL Query made to DB:
ALTER TABLE `tabVehicle Price` ADD COLUMN `company_price` decimal(21,9) not null default 0
2024-01-29 12:29:53,486 WARNING database DDL Query made to DB:
ALTER TABLE `tabVehicle Price` ADD COLUMN `customer_price` decimal(21,9) not null default 0
2024-01-29 12:29:53,489 WARNING database DDL Query made to DB:
ALTER TABLE `tabVehicle Price` MODIFY `company_price` decimal(21,9) not null default 0
2024-01-29 12:30:09,020 WARNING database DDL Query made to DB:
ALTER TABLE `tabVehicle Price` ADD COLUMN `sale_price` decimal(21,9) not null default 0
2024-01-29 12:30:09,025 WARNING database DDL Query made to DB:
ALTER TABLE `tabVehicle Price` MODIFY `customer_price` decimal(21,9) not null default 0, MODIFY `company_price` decimal(21,9) not null default 0
2024-01-29 12:31:19,013 WARNING database DDL Query made to DB:
RENAME TABLE `tabVehicle Availability` TO `tabVehicle Availability 2`
2024-01-29 12:31:58,126 WARNING database DDL Query made to DB:
create table `tabVehicle Availability` (
			name varchar(140) primary key,
			creation datetime(6),
			modified datetime(6),
			modified_by varchar(140),
			owner varchar(140),
			docstatus int(1) not null default '0',
			idx int(8) not null default '0',
			`_user_tags` text,
`_comments` text,
`_assign` text,
`_liked_by` text,

			index modified(modified))
			ENGINE=InnoDB
			ROW_FORMAT=DYNAMIC
			CHARACTER SET=utf8mb4
			COLLATE=utf8mb4_unicode_ci
2024-01-29 12:32:25,142 WARNING database DDL Query made to DB:
ALTER TABLE `tabVehicle Availability` ADD COLUMN `posting_date` date
2024-01-29 12:34:22,554 WARNING database DDL Query made to DB:
ALTER TABLE `tabVehicle Availability` ADD COLUMN `chassis_no` varchar(140)
2024-01-29 12:34:57,359 WARNING database DDL Query made to DB:
ALTER TABLE `tabVehicle Availability` ADD COLUMN `vehicle_name` varchar(140)
2024-01-29 12:36:13,250 WARNING database DDL Query made to DB:
ALTER TABLE `tabVehicle Availability` ADD COLUMN `model_year` varchar(140)
2024-01-29 12:37:38,253 WARNING database DDL Query made to DB:
ALTER TABLE `tabVehicle Details` MODIFY `milage` decimal(21,9) not null default 0, MODIFY `cc` decimal(21,9) not null default 0
2024-01-29 12:37:53,051 WARNING database DDL Query made to DB:
ALTER TABLE `tabVehicle Details` MODIFY `cc` decimal(21,9) not null default 0, MODIFY `milage` decimal(21,9) not null default 0
2024-01-29 12:38:18,152 WARNING database DDL Query made to DB:
ALTER TABLE `tabVehicle Details` MODIFY `milage` decimal(21,9) not null default 0, MODIFY `cc` decimal(21,9) not null default 0
2024-01-29 12:38:21,943 WARNING database DDL Query made to DB:
ALTER TABLE `tabVehicle Details` MODIFY `milage` decimal(21,9) not null default 0, MODIFY `cc` decimal(21,9) not null default 0
2024-01-29 12:40:06,966 WARNING database DDL Query made to DB:
ALTER TABLE `tabVehicle Availability` ADD COLUMN `shape` varchar(140)
2024-01-29 12:41:06,684 WARNING database DDL Query made to DB:
ALTER TABLE `tabVehicle Availability` ADD COLUMN `auction_grade` varchar(140)
2024-01-29 12:41:51,197 WARNING database DDL Query made to DB:
ALTER TABLE `tabVehicle Availability` ADD COLUMN `color` varchar(140)
2024-01-29 12:42:29,378 WARNING database DDL Query made to DB:
ALTER TABLE `tabVehicle Availability` ADD COLUMN `milage` decimal(21,9) not null default 0
2024-01-29 12:43:00,349 WARNING database DDL Query made to DB:
ALTER TABLE `tabVehicle Availability` ADD COLUMN `cc` decimal(21,9) not null default 0
2024-01-29 12:43:00,353 WARNING database DDL Query made to DB:
ALTER TABLE `tabVehicle Availability` MODIFY `milage` decimal(21,9) not null default 0
2024-01-29 12:43:22,606 WARNING database DDL Query made to DB:
ALTER TABLE `tabVehicle Availability` ADD COLUMN `description` varchar(140)
2024-01-29 12:43:22,610 WARNING database DDL Query made to DB:
ALTER TABLE `tabVehicle Availability` MODIFY `cc` decimal(21,9) not null default 0, MODIFY `milage` decimal(21,9) not null default 0
2024-01-29 12:43:42,761 WARNING database DDL Query made to DB:
ALTER TABLE `tabVehicle Details` MODIFY `description` varchar(140), MODIFY `cc` decimal(21,9) not null default 0, MODIFY `milage` decimal(21,9) not null default 0
2024-01-29 12:44:22,112 WARNING database DDL Query made to DB:
ALTER TABLE `tabVehicle Availability` MODIFY `milage` decimal(21,9) not null default 0, MODIFY `cc` decimal(21,9) not null default 0
2024-01-29 12:44:35,028 WARNING database DDL Query made to DB:
ALTER TABLE `tabVehicle Availability` MODIFY `milage` decimal(21,9) not null default 0, MODIFY `cc` decimal(21,9) not null default 0
2024-01-29 12:44:55,932 WARNING database DDL Query made to DB:
ALTER TABLE `tabVehicle Availability` ADD COLUMN `status` varchar(140)
2024-01-29 12:44:55,936 WARNING database DDL Query made to DB:
ALTER TABLE `tabVehicle Availability` MODIFY `milage` decimal(21,9) not null default 0, MODIFY `cc` decimal(21,9) not null default 0
2024-01-29 12:46:59,500 WARNING database DDL Query made to DB:
ALTER TABLE `tabVehicle Availability` ADD COLUMN `port_location` varchar(140), ADD COLUMN `shed_number` varchar(140), ADD COLUMN `ship_details` varchar(140), ADD COLUMN `inhouse_address` varchar(140), ADD COLUMN `workshop_address` varchar(140), ADD COLUMN `other_details` varchar(140)
2024-01-29 12:46:59,504 WARNING database DDL Query made to DB:
ALTER TABLE `tabVehicle Availability` MODIFY `milage` decimal(21,9) not null default 0, MODIFY `cc` decimal(21,9) not null default 0
2024-01-29 12:47:03,954 WARNING database DDL Query made to DB:
ALTER TABLE `tabVehicle Availability` ADD COLUMN `amended_from` varchar(140)
2024-01-29 12:47:03,959 WARNING database DDL Query made to DB:
ALTER TABLE `tabVehicle Availability` MODIFY `milage` decimal(21,9) not null default 0, MODIFY `cc` decimal(21,9) not null default 0
2024-01-29 12:47:03,965 WARNING database DDL Query made to DB:
ALTER TABLE `tabVehicle Availability` ADD INDEX `amended_from_index`(`amended_from`)
2024-01-29 12:47:19,985 WARNING database DDL Query made to DB:
ALTER TABLE `tabVehicle Availability` MODIFY `cc` decimal(21,9) not null default 0, MODIFY `milage` decimal(21,9) not null default 0
2024-01-29 12:47:27,226 WARNING database DDL Query made to DB:
ALTER TABLE `tabVehicle Availability` MODIFY `milage` decimal(21,9) not null default 0, MODIFY `cc` decimal(21,9) not null default 0
2024-01-29 12:47:39,345 WARNING database DDL Query made to DB:
ALTER TABLE `tabVehicle Availability` MODIFY `milage` decimal(21,9) not null default 0, MODIFY `cc` decimal(21,9) not null default 0
2024-01-29 12:48:00,268 WARNING database DDL Query made to DB:
ALTER TABLE `tabVehicle Availability` MODIFY `milage` decimal(21,9) not null default 0, MODIFY `cc` decimal(21,9) not null default 0
2024-01-29 12:48:13,265 WARNING database DDL Query made to DB:
ALTER TABLE `tabVehicle Availability` MODIFY `cc` decimal(21,9) not null default 0, MODIFY `milage` decimal(21,9) not null default 0
2024-01-29 12:48:23,142 WARNING database DDL Query made to DB:
ALTER TABLE `tabVehicle Availability` MODIFY `cc` decimal(21,9) not null default 0, MODIFY `milage` decimal(21,9) not null default 0
2024-01-29 12:56:17,379 WARNING database DDL Query made to DB:
create table `tabSingle Vehicle Item` (
			name varchar(140) primary key,
			creation datetime(6),
			modified datetime(6),
			modified_by varchar(140),
			owner varchar(140),
			docstatus int(1) not null default '0',
			idx int(8) not null default '0',
			`item_name` varchar(140) unique,
`_user_tags` text,
`_comments` text,
`_assign` text,
`_liked_by` text,

			index modified(modified))
			ENGINE=InnoDB
			ROW_FORMAT=DYNAMIC
			CHARACTER SET=utf8mb4
			COLLATE=utf8mb4_unicode_ci
2024-01-29 12:58:26,764 WARNING database DDL Query made to DB:
create table `tabVehicle Items` (
			name varchar(140) primary key,
			creation datetime(6),
			modified datetime(6),
			modified_by varchar(140),
			owner varchar(140),
			docstatus int(1) not null default '0',
			idx int(8) not null default '0',
			`item` varchar(140),
parent varchar(140),
parentfield varchar(140),
parenttype varchar(140),
index parent(parent),

			index modified(modified))
			ENGINE=InnoDB
			ROW_FORMAT=DYNAMIC
			CHARACTER SET=utf8mb4
			COLLATE=utf8mb4_unicode_ci
2024-01-29 12:59:50,053 WARNING database DDL Query made to DB:
ALTER TABLE `tabVehicle Items` ADD COLUMN `quantity` decimal(21,9) not null default 0, ADD COLUMN `rate` decimal(21,9) not null default 0, ADD COLUMN `amount` decimal(21,9) not null default 0
2024-01-29 13:00:15,921 WARNING database DDL Query made to DB:
ALTER TABLE `tabVehicle Items` MODIFY `rate` decimal(21,9) not null default 0, MODIFY `amount` decimal(21,9) not null default 0, MODIFY `quantity` decimal(21,9) not null default 0
2024-01-29 13:01:37,947 WARNING database DDL Query made to DB:
ALTER TABLE `tabVehicle Price` MODIFY `company_price` decimal(21,9) not null default 0, MODIFY `sale_price` decimal(21,9) not null default 0, MODIFY `customer_price` decimal(21,9) not null default 0
2024-01-29 13:02:01,830 WARNING database DDL Query made to DB:
ALTER TABLE `tabVehicle Price` MODIFY `company_price` decimal(21,9) not null default 0, MODIFY `customer_price` decimal(21,9) not null default 0, MODIFY `sale_price` decimal(21,9) not null default 0
2024-01-29 13:02:36,198 WARNING database DDL Query made to DB:
ALTER TABLE `tabVehicle Items` MODIFY `amount` decimal(21,9) not null default 0, MODIFY `rate` decimal(21,9) not null default 0, MODIFY `quantity` decimal(21,9) not null default 0
2024-01-29 13:03:21,091 WARNING database DDL Query made to DB:
ALTER TABLE `tabVehicle Items` MODIFY `quantity` decimal(21,9) not null default 0, MODIFY `amount` decimal(21,9) not null default 0, MODIFY `rate` decimal(21,9) not null default 0, ADD UNIQUE INDEX IF NOT EXISTS item (`item`)
2024-01-29 13:03:26,584 WARNING database DDL Query made to DB:
ALTER TABLE `tabVehicle Items` MODIFY `quantity` decimal(21,9) not null default 0, MODIFY `amount` decimal(21,9) not null default 0, MODIFY `rate` decimal(21,9) not null default 0
2024-01-29 13:19:38,386 WARNING database DDL Query made to DB:
ALTER TABLE `tabVehicle Price` MODIFY `customer_price` decimal(21,9) not null default 0, MODIFY `company_price` decimal(21,9) not null default 0, MODIFY `posting_date` date, MODIFY `sale_price` decimal(21,9) not null default 0
2024-01-29 13:23:23,875 WARNING database DDL Query made to DB:
ALTER TABLE `tabVehicle Availability` MODIFY `milage` decimal(21,9) not null default 0, MODIFY `cc` decimal(21,9) not null default 0, ADD UNIQUE INDEX IF NOT EXISTS vehicle_name (`vehicle_name`)
