2024-01-29 00:59:47,956 Worker rq:worker:011507c7ab0948758c64939646a76142 started with PID 2274, version 1.14.1
2024-01-29 00:59:47,956 Subscribing to channel rq:pubsub:011507c7ab0948758c64939646a76142
2024-01-29 00:59:47,957 *** Listening on home-extinctcoder-frappe_bench:short, home-extinctcoder-frappe_bench:default, home-extinctcoder-frappe_bench:long...
2024-01-29 00:59:47,958 Cleaning registries for queue: home-extinctcoder-frappe_bench:short
2024-01-29 00:59:47,960 Cleaning registries for queue: home-extinctcoder-frappe_bench:default
2024-01-29 00:59:47,962 Cleaning registries for queue: home-extinctcoder-frappe_bench:long
2024-01-29 01:01:48,161 Worker 011507c7ab0948758c64939646a76142 [PID 2274]: warm shut down requested
2024-01-29 01:01:48,176 Unsubscribing from channel rq:pubsub:011507c7ab0948758c64939646a76142
2024-01-29 01:07:31,733 Worker rq:worker:e5e547d048914bd49a15ebca9f1988ae started with PID 2632, version 1.14.1
2024-01-29 01:07:31,733 Subscribing to channel rq:pubsub:e5e547d048914bd49a15ebca9f1988ae
2024-01-29 01:07:31,735 *** Listening on home-extinctcoder-frappe_bench:short, home-extinctcoder-frappe_bench:default, home-extinctcoder-frappe_bench:long...
2024-01-29 01:07:31,735 Cleaning registries for queue: home-extinctcoder-frappe_bench:short
2024-01-29 01:07:31,737 Cleaning registries for queue: home-extinctcoder-frappe_bench:default
2024-01-29 01:07:31,739 Cleaning registries for queue: home-extinctcoder-frappe_bench:long
2024-01-29 01:09:11,276 home-extinctcoder-frappe_bench:default: frappe.utils.background_jobs.execute_job(event=None, is_async=True, job_name='frappe.core.doctype.user.user.create_contact', kwargs={'user': <User: extinctcoder@outlook.com>, 'ignore_mandatory': True}, method='frappe.core.doctype.user.user.create_contact', site='vehicle_management.site', user='Administrator') (e9d95ad1-890e-4205-9e79-9d6524a9faf0)
2024-01-29 01:09:12,467 home-extinctcoder-frappe_bench:default: Job OK (e9d95ad1-890e-4205-9e79-9d6524a9faf0)
2024-01-29 01:09:12,467 Result is kept for 600 seconds
2024-01-29 01:09:12,479 home-extinctcoder-frappe_bench:default: frappe.utils.background_jobs.execute_job(event=None, is_async=True, job_name='frappe.core.doctype.user.user.update_gravatar', kwargs={'name': 'extinctcoder@outlook.com'}, method='frappe.core.doctype.user.user.update_gravatar', site='vehicle_management.site', user='Administrator') (0ff6b863-7b38-4bbe-b14d-0500f9c72be4)
2024-01-29 01:09:12,948 home-extinctcoder-frappe_bench:default: Job OK (0ff6b863-7b38-4bbe-b14d-0500f9c72be4)
2024-01-29 01:09:12,948 Result is kept for 600 seconds
2024-01-29 01:09:12,957 home-extinctcoder-frappe_bench:default: frappe.utils.background_jobs.execute_job(event=None, is_async=True, job_name='frappe.core.doctype.user.user.create_contact', kwargs={'user': <User: extinctcoder@outlook.com>, 'ignore_mandatory': True}, method='frappe.core.doctype.user.user.create_contact', site='vehicle_management.site', user='Administrator') (82e8e850-8e18-4fc4-96db-0280595ab792)
2024-01-29 01:09:13,569 home-extinctcoder-frappe_bench:default: Job OK (82e8e850-8e18-4fc4-96db-0280595ab792)
2024-01-29 01:09:13,569 Result is kept for 600 seconds
2024-01-29 01:09:13,579 home-extinctcoder-frappe_bench:default: frappe.utils.background_jobs.execute_job(event=None, is_async=True, job_name='frappe.core.doctype.user.user.update_gravatar', kwargs={'name': 'extinctcoder@outlook.com'}, method='frappe.core.doctype.user.user.update_gravatar', site='vehicle_management.site', user='Administrator') (0a725d51-9ad5-4c0b-a3c5-e63b8041beec)
2024-01-29 01:09:14,034 home-extinctcoder-frappe_bench:default: Job OK (0a725d51-9ad5-4c0b-a3c5-e63b8041beec)
2024-01-29 01:09:14,034 Result is kept for 600 seconds
2024-01-29 01:09:32,064 home-extinctcoder-frappe_bench:long: frappe.utils.background_jobs.execute_job(event=None, is_async=True, job_name='frappe.core.doctype.scheduled_job_type.scheduled_job_type.run_scheduled_jo..., kwargs={'job_type': 'erpnext.utilities.bulk_transaction.retry'}, method='frappe.core.doctype.scheduled_job_type.scheduled_job_type.run_scheduled_jo..., site='vehicle_management.site', user='Administrator') (vehicle_management.site::scheduled_job::erpnext.utilities.bulk_transaction.retry)
2024-01-29 01:09:32,487 home-extinctcoder-frappe_bench:long: Job OK (vehicle_management.site::scheduled_job::erpnext.utilities.bulk_transaction.retry)
2024-01-29 01:09:32,488 Result is kept for 600 seconds
2024-01-29 01:09:32,497 home-extinctcoder-frappe_bench:default: frappe.utils.background_jobs.execute_job(event=None, is_async=True, job_name='frappe.core.doctype.scheduled_job_type.scheduled_job_type.run_scheduled_jo..., kwargs={'job_type': 'erpnext.projects.doctype.project.project.collect_project_stat..., method='frappe.core.doctype.scheduled_job_type.scheduled_job_type.run_scheduled_jo..., site='vehicle_management.site', user='Administrator') (vehicle_management.site::scheduled_job::erpnext.projects.doctype.project.project.collect_project_status)
2024-01-29 01:09:32,947 home-extinctcoder-frappe_bench:default: Job OK (vehicle_management.site::scheduled_job::erpnext.projects.doctype.project.project.collect_project_status)
2024-01-29 01:09:32,947 Result is kept for 600 seconds
2024-01-29 01:09:32,957 home-extinctcoder-frappe_bench:default: frappe.utils.background_jobs.execute_job(event=None, is_async=True, job_name='frappe.core.doctype.scheduled_job_type.scheduled_job_type.run_scheduled_jo..., kwargs={'job_type': 'erpnext.projects.doctype.project.project.hourly_reminder'}, method='frappe.core.doctype.scheduled_job_type.scheduled_job_type.run_scheduled_jo..., site='vehicle_management.site', user='Administrator') (vehicle_management.site::scheduled_job::erpnext.projects.doctype.project.project.hourly_reminder)
2024-01-29 01:09:33,377 home-extinctcoder-frappe_bench:default: Job OK (vehicle_management.site::scheduled_job::erpnext.projects.doctype.project.project.hourly_reminder)
2024-01-29 01:09:33,377 Result is kept for 600 seconds
2024-01-29 01:09:33,387 home-extinctcoder-frappe_bench:default: frappe.utils.background_jobs.execute_job(event=None, is_async=True, job_name='frappe.core.doctype.scheduled_job_type.scheduled_job_type.run_scheduled_jo..., kwargs={'job_type': 'erpnext.projects.doctype.project.project.project_status_updat..., method='frappe.core.doctype.scheduled_job_type.scheduled_job_type.run_scheduled_jo..., site='vehicle_management.site', user='Administrator') (vehicle_management.site::scheduled_job::erpnext.projects.doctype.project.project.project_status_update_reminder)
2024-01-29 01:09:33,801 home-extinctcoder-frappe_bench:default: Job OK (vehicle_management.site::scheduled_job::erpnext.projects.doctype.project.project.project_status_update_reminder)
2024-01-29 01:09:33,801 Result is kept for 600 seconds
2024-01-29 01:09:33,811 home-extinctcoder-frappe_bench:default: frappe.utils.background_jobs.execute_job(event=None, is_async=True, job_name='frappe.core.doctype.scheduled_job_type.scheduled_job_type.run_scheduled_jo..., kwargs={'job_type': 'erpnext.erpnext_integrations.doctype.plaid_settings.plaid_set..., method='frappe.core.doctype.scheduled_job_type.scheduled_job_type.run_scheduled_jo..., site='vehicle_management.site', user='Administrator') (vehicle_management.site::scheduled_job::erpnext.erpnext_integrations.doctype.plaid_settings.plaid_settings.automatic_synchronization)
2024-01-29 01:09:34,290 home-extinctcoder-frappe_bench:default: Job OK (vehicle_management.site::scheduled_job::erpnext.erpnext_integrations.doctype.plaid_settings.plaid_settings.automatic_synchronization)
2024-01-29 01:09:34,290 Result is kept for 600 seconds
2024-01-29 01:09:34,300 home-extinctcoder-frappe_bench:default: frappe.utils.background_jobs.execute_job(event=None, is_async=True, job_name='frappe.core.doctype.scheduled_job_type.scheduled_job_type.run_scheduled_jo..., kwargs={'job_type': 'erpnext.crm.doctype.social_media_post.social_media_post.proce..., method='frappe.core.doctype.scheduled_job_type.scheduled_job_type.run_scheduled_jo..., site='vehicle_management.site', user='Administrator') (vehicle_management.site::scheduled_job::erpnext.crm.doctype.social_media_post.social_media_post.process_scheduled_social_media_posts)
2024-01-29 01:09:34,650 home-extinctcoder-frappe_bench:default: Job OK (vehicle_management.site::scheduled_job::erpnext.crm.doctype.social_media_post.social_media_post.process_scheduled_social_media_posts)
2024-01-29 01:09:34,650 Result is kept for 600 seconds
2024-01-29 01:09:34,659 home-extinctcoder-frappe_bench:default: frappe.utils.background_jobs.execute_job(event=None, is_async=True, job_name='frappe.core.doctype.scheduled_job_type.scheduled_job_type.run_scheduled_jo..., kwargs={'job_type': 'erpnext.utilities.doctype.video.video.update_youtube_data'}, method='frappe.core.doctype.scheduled_job_type.scheduled_job_type.run_scheduled_jo..., site='vehicle_management.site', user='Administrator') (vehicle_management.site::scheduled_job::erpnext.utilities.doctype.video.video.update_youtube_data)
2024-01-29 01:09:35,087 home-extinctcoder-frappe_bench:default: Job OK (vehicle_management.site::scheduled_job::erpnext.utilities.doctype.video.video.update_youtube_data)
2024-01-29 01:09:35,087 Result is kept for 600 seconds
2024-01-29 01:09:35,096 home-extinctcoder-frappe_bench:default: frappe.utils.background_jobs.execute_job(event=None, is_async=True, job_name='frappe.core.doctype.scheduled_job_type.scheduled_job_type.run_scheduled_jo..., kwargs={'job_type': 'erpnext.stock.reorder_item.reorder_item'}, method='frappe.core.doctype.scheduled_job_type.scheduled_job_type.run_scheduled_jo..., site='vehicle_management.site', user='Administrator') (vehicle_management.site::scheduled_job::erpnext.stock.reorder_item.reorder_item)
2024-01-29 01:09:35,547 home-extinctcoder-frappe_bench:default: Job OK (vehicle_management.site::scheduled_job::erpnext.stock.reorder_item.reorder_item)
2024-01-29 01:09:35,547 Result is kept for 600 seconds
2024-01-29 01:09:35,556 home-extinctcoder-frappe_bench:default: frappe.utils.background_jobs.execute_job(event=None, is_async=True, job_name='frappe.core.doctype.scheduled_job_type.scheduled_job_type.run_scheduled_jo..., kwargs={'job_type': 'erpnext.accounts.doctype.process_payment_reconciliation.proce..., method='frappe.core.doctype.scheduled_job_type.scheduled_job_type.run_scheduled_jo..., site='vehicle_management.site', user='Administrator') (vehicle_management.site::scheduled_job::erpnext.accounts.doctype.process_payment_reconciliation.process_payment_reconciliation.trigger_reconciliation_for_queued_docs)
2024-01-29 01:09:35,920 home-extinctcoder-frappe_bench:default: Job OK (vehicle_management.site::scheduled_job::erpnext.accounts.doctype.process_payment_reconciliation.process_payment_reconciliation.trigger_reconciliation_for_queued_docs)
2024-01-29 01:09:35,920 Result is kept for 600 seconds
2024-01-29 01:09:35,929 home-extinctcoder-frappe_bench:default: frappe.utils.background_jobs.execute_job(event=None, is_async=True, job_name='frappe.core.doctype.scheduled_job_type.scheduled_job_type.run_scheduled_jo..., kwargs={'job_type': 'erpnext.manufacturing.doctype.bom_update_log.bom_update_log.r..., method='frappe.core.doctype.scheduled_job_type.scheduled_job_type.run_scheduled_jo..., site='vehicle_management.site', user='Administrator') (vehicle_management.site::scheduled_job::erpnext.manufacturing.doctype.bom_update_log.bom_update_log.resume_bom_cost_update_jobs)
2024-01-29 01:09:36,313 home-extinctcoder-frappe_bench:default: Job OK (vehicle_management.site::scheduled_job::erpnext.manufacturing.doctype.bom_update_log.bom_update_log.resume_bom_cost_update_jobs)
2024-01-29 01:09:36,314 Result is kept for 600 seconds
2024-01-29 01:09:36,323 home-extinctcoder-frappe_bench:default: frappe.utils.background_jobs.execute_job(event=None, is_async=True, job_name='frappe.core.doctype.scheduled_job_type.scheduled_job_type.run_scheduled_jo..., kwargs={'job_type': 'frappe.website.doctype.personal_data_deletion_request.persona..., method='frappe.core.doctype.scheduled_job_type.scheduled_job_type.run_scheduled_jo..., site='vehicle_management.site', user='Administrator') (vehicle_management.site::scheduled_job::frappe.website.doctype.personal_data_deletion_request.personal_data_deletion_request.process_data_deletion_request)
2024-01-29 01:09:36,706 home-extinctcoder-frappe_bench:default: Job OK (vehicle_management.site::scheduled_job::frappe.website.doctype.personal_data_deletion_request.personal_data_deletion_request.process_data_deletion_request)
2024-01-29 01:09:36,707 Result is kept for 600 seconds
2024-01-29 01:09:36,716 home-extinctcoder-frappe_bench:default: frappe.utils.background_jobs.execute_job(event=None, is_async=True, job_name='frappe.core.doctype.scheduled_job_type.scheduled_job_type.run_scheduled_jo..., kwargs={'job_type': 'frappe.email.doctype.newsletter.newsletter.send_scheduled_ema..., method='frappe.core.doctype.scheduled_job_type.scheduled_job_type.run_scheduled_jo..., site='vehicle_management.site', user='Administrator') (vehicle_management.site::scheduled_job::frappe.email.doctype.newsletter.newsletter.send_scheduled_email)
2024-01-29 01:09:37,111 home-extinctcoder-frappe_bench:default: Job OK (vehicle_management.site::scheduled_job::frappe.email.doctype.newsletter.newsletter.send_scheduled_email)
2024-01-29 01:09:37,111 Result is kept for 600 seconds
2024-01-29 01:09:37,121 home-extinctcoder-frappe_bench:default: frappe.utils.background_jobs.execute_job(event=None, is_async=True, job_name='frappe.core.doctype.scheduled_job_type.scheduled_job_type.run_scheduled_jo..., kwargs={'job_type': 'frappe.integrations.doctype.google_calendar.google_calendar.s..., method='frappe.core.doctype.scheduled_job_type.scheduled_job_type.run_scheduled_jo..., site='vehicle_management.site', user='Administrator') (vehicle_management.site::scheduled_job::frappe.integrations.doctype.google_calendar.google_calendar.sync)
2024-01-29 01:09:37,650 home-extinctcoder-frappe_bench:default: Job OK (vehicle_management.site::scheduled_job::frappe.integrations.doctype.google_calendar.google_calendar.sync)
2024-01-29 01:09:37,650 Result is kept for 600 seconds
2024-01-29 01:09:37,661 home-extinctcoder-frappe_bench:default: frappe.utils.background_jobs.execute_job(event=None, is_async=True, job_name='frappe.core.doctype.scheduled_job_type.scheduled_job_type.run_scheduled_jo..., kwargs={'job_type': 'frappe.desk.form.document_follow.send_hourly_updates'}, method='frappe.core.doctype.scheduled_job_type.scheduled_job_type.run_scheduled_jo..., site='vehicle_management.site', user='Administrator') (vehicle_management.site::scheduled_job::frappe.desk.form.document_follow.send_hourly_updates)
2024-01-29 01:09:38,030 home-extinctcoder-frappe_bench:default: Job OK (vehicle_management.site::scheduled_job::frappe.desk.form.document_follow.send_hourly_updates)
2024-01-29 01:09:38,030 Result is kept for 600 seconds
2024-01-29 01:09:38,039 home-extinctcoder-frappe_bench:default: frappe.utils.background_jobs.execute_job(event=None, is_async=True, job_name='frappe.core.doctype.scheduled_job_type.scheduled_job_type.run_scheduled_jo..., kwargs={'job_type': 'frappe.deferred_insert.save_to_db'}, method='frappe.core.doctype.scheduled_job_type.scheduled_job_type.run_scheduled_jo..., site='vehicle_management.site', user='Administrator') (vehicle_management.site::scheduled_job::frappe.deferred_insert.save_to_db)
2024-01-29 01:09:38,389 home-extinctcoder-frappe_bench:default: Job OK (vehicle_management.site::scheduled_job::frappe.deferred_insert.save_to_db)
2024-01-29 01:09:38,389 Result is kept for 600 seconds
2024-01-29 01:09:38,399 home-extinctcoder-frappe_bench:default: frappe.utils.background_jobs.execute_job(event=None, is_async=True, job_name='frappe.core.doctype.scheduled_job_type.scheduled_job_type.run_scheduled_jo..., kwargs={'job_type': 'frappe.desk.page.backups.backups.delete_downloadable_backups'..., method='frappe.core.doctype.scheduled_job_type.scheduled_job_type.run_scheduled_jo..., site='vehicle_management.site', user='Administrator') (vehicle_management.site::scheduled_job::frappe.desk.page.backups.backups.delete_downloadable_backups)
2024-01-29 01:09:38,749 home-extinctcoder-frappe_bench:default: Job OK (vehicle_management.site::scheduled_job::frappe.desk.page.backups.backups.delete_downloadable_backups)
2024-01-29 01:09:38,749 Result is kept for 600 seconds
2024-01-29 01:09:38,758 home-extinctcoder-frappe_bench:default: frappe.utils.background_jobs.execute_job(event=None, is_async=True, job_name='frappe.core.doctype.scheduled_job_type.scheduled_job_type.run_scheduled_jo..., kwargs={'job_type': 'frappe.utils.error.collect_error_snapshots'}, method='frappe.core.doctype.scheduled_job_type.scheduled_job_type.run_scheduled_jo..., site='vehicle_management.site', user='Administrator') (vehicle_management.site::scheduled_job::frappe.utils.error.collect_error_snapshots)
2024-01-29 01:09:39,130 home-extinctcoder-frappe_bench:default: Job OK (vehicle_management.site::scheduled_job::frappe.utils.error.collect_error_snapshots)
2024-01-29 01:09:39,130 Result is kept for 600 seconds
2024-01-29 01:09:39,139 home-extinctcoder-frappe_bench:default: frappe.utils.background_jobs.execute_job(event=None, is_async=True, job_name='frappe.core.doctype.scheduled_job_type.scheduled_job_type.run_scheduled_jo..., kwargs={'job_type': 'frappe.model.utils.user_settings.sync_user_settings'}, method='frappe.core.doctype.scheduled_job_type.scheduled_job_type.run_scheduled_jo..., site='vehicle_management.site', user='Administrator') (vehicle_management.site::scheduled_job::frappe.model.utils.user_settings.sync_user_settings)
2024-01-29 01:09:39,483 home-extinctcoder-frappe_bench:default: Job OK (vehicle_management.site::scheduled_job::frappe.model.utils.user_settings.sync_user_settings)
2024-01-29 01:09:39,483 Result is kept for 600 seconds
2024-01-29 01:09:39,492 home-extinctcoder-frappe_bench:default: frappe.utils.background_jobs.execute_job(event=None, is_async=True, job_name='frappe.core.doctype.scheduled_job_type.scheduled_job_type.run_scheduled_jo..., kwargs={'job_type': 'frappe.model.utils.link_count.update_link_count'}, method='frappe.core.doctype.scheduled_job_type.scheduled_job_type.run_scheduled_jo..., site='vehicle_management.site', user='Administrator') (vehicle_management.site::scheduled_job::frappe.model.utils.link_count.update_link_count)
2024-01-29 01:09:39,945 home-extinctcoder-frappe_bench:default: Job OK (vehicle_management.site::scheduled_job::frappe.model.utils.link_count.update_link_count)
2024-01-29 01:09:39,945 Result is kept for 600 seconds
2024-01-29 01:09:39,954 home-extinctcoder-frappe_bench:default: frappe.utils.background_jobs.execute_job(event=None, is_async=True, job_name='frappe.core.doctype.scheduled_job_type.scheduled_job_type.run_scheduled_jo..., kwargs={'job_type': 'frappe.monitor.flush'}, method='frappe.core.doctype.scheduled_job_type.scheduled_job_type.run_scheduled_jo..., site='vehicle_management.site', user='Administrator') (vehicle_management.site::scheduled_job::frappe.monitor.flush)
2024-01-29 01:09:40,262 home-extinctcoder-frappe_bench:default: Job OK (vehicle_management.site::scheduled_job::frappe.monitor.flush)
2024-01-29 01:09:40,262 Result is kept for 600 seconds
2024-01-29 01:09:40,271 home-extinctcoder-frappe_bench:default: frappe.utils.background_jobs.execute_job(event=None, is_async=True, job_name='frappe.core.doctype.scheduled_job_type.scheduled_job_type.run_scheduled_jo..., kwargs={'job_type': 'frappe.utils.global_search.sync_global_search'}, method='frappe.core.doctype.scheduled_job_type.scheduled_job_type.run_scheduled_jo..., site='vehicle_management.site', user='Administrator') (vehicle_management.site::scheduled_job::frappe.utils.global_search.sync_global_search)
2024-01-29 01:09:40,741 home-extinctcoder-frappe_bench:default: Job OK (vehicle_management.site::scheduled_job::frappe.utils.global_search.sync_global_search)
2024-01-29 01:09:40,742 Result is kept for 600 seconds
2024-01-29 01:09:40,751 home-extinctcoder-frappe_bench:default: frappe.utils.background_jobs.execute_job(event=None, is_async=True, job_name='frappe.core.doctype.scheduled_job_type.scheduled_job_type.run_scheduled_jo..., kwargs={'job_type': 'frappe.email.doctype.email_account.email_account.notify_unrep..., method='frappe.core.doctype.scheduled_job_type.scheduled_job_type.run_scheduled_jo..., site='vehicle_management.site', user='Administrator') (vehicle_management.site::scheduled_job::frappe.email.doctype.email_account.email_account.notify_unreplied)
2024-01-29 01:09:41,069 home-extinctcoder-frappe_bench:default: Job OK (vehicle_management.site::scheduled_job::frappe.email.doctype.email_account.email_account.notify_unreplied)
2024-01-29 01:09:41,069 Result is kept for 600 seconds
2024-01-29 01:09:41,079 home-extinctcoder-frappe_bench:default: frappe.utils.background_jobs.execute_job(event=None, is_async=True, job_name='frappe.core.doctype.scheduled_job_type.scheduled_job_type.run_scheduled_jo..., kwargs={'job_type': 'frappe.email.queue.flush'}, method='frappe.core.doctype.scheduled_job_type.scheduled_job_type.run_scheduled_jo..., site='vehicle_management.site', user='Administrator') (vehicle_management.site::scheduled_job::frappe.email.queue.flush)
2024-01-29 01:09:41,433 home-extinctcoder-frappe_bench:default: Job OK (vehicle_management.site::scheduled_job::frappe.email.queue.flush)
2024-01-29 01:09:41,433 Result is kept for 600 seconds
2024-01-29 01:09:41,443 home-extinctcoder-frappe_bench:default: frappe.utils.background_jobs.execute_job(event=None, is_async=True, job_name='frappe.core.doctype.scheduled_job_type.scheduled_job_type.run_scheduled_jo..., kwargs={'job_type': 'frappe.core.doctype.log_settings.log_settings.run_log_clean_u..., method='frappe.core.doctype.scheduled_job_type.scheduled_job_type.run_scheduled_jo..., site='vehicle_management.site', user='Administrator') (vehicle_management.site::scheduled_job::frappe.core.doctype.log_settings.log_settings.run_log_clean_up)
2024-01-29 01:09:41,987 home-extinctcoder-frappe_bench:default: Job OK (vehicle_management.site::scheduled_job::frappe.core.doctype.log_settings.log_settings.run_log_clean_up)
2024-01-29 01:09:41,987 Result is kept for 600 seconds
2024-01-29 01:09:41,996 home-extinctcoder-frappe_bench:default: frappe.utils.background_jobs.execute_job(event=None, is_async=True, job_name='frappe.core.doctype.scheduled_job_type.scheduled_job_type.run_scheduled_jo..., kwargs={'job_type': 'frappe.email.doctype.email_account.email_account.pull'}, method='frappe.core.doctype.scheduled_job_type.scheduled_job_type.run_scheduled_jo..., site='vehicle_management.site', user='Administrator') (vehicle_management.site::scheduled_job::frappe.email.doctype.email_account.email_account.pull)
2024-01-29 01:09:42,366 home-extinctcoder-frappe_bench:default: Job OK (vehicle_management.site::scheduled_job::frappe.email.doctype.email_account.email_account.pull)
2024-01-29 01:09:42,366 Result is kept for 600 seconds
2024-01-29 01:09:42,375 home-extinctcoder-frappe_bench:default: frappe.utils.background_jobs.execute_job(event=None, is_async=True, job_name='frappe.core.doctype.scheduled_job_type.scheduled_job_type.run_scheduled_jo..., kwargs={'job_type': 'frappe.twofactor.delete_all_barcodes_for_users'}, method='frappe.core.doctype.scheduled_job_type.scheduled_job_type.run_scheduled_jo..., site='vehicle_management.site', user='Administrator') (vehicle_management.site::scheduled_job::frappe.twofactor.delete_all_barcodes_for_users)
2024-01-29 01:09:42,756 home-extinctcoder-frappe_bench:default: Job OK (vehicle_management.site::scheduled_job::frappe.twofactor.delete_all_barcodes_for_users)
2024-01-29 01:09:42,756 Result is kept for 600 seconds
2024-01-29 01:09:42,765 home-extinctcoder-frappe_bench:default: frappe.utils.background_jobs.execute_job(event=None, is_async=True, job_name='frappe.core.doctype.scheduled_job_type.scheduled_job_type.run_scheduled_jo..., kwargs={'job_type': 'frappe.website.doctype.web_page.web_page.check_publish_status..., method='frappe.core.doctype.scheduled_job_type.scheduled_job_type.run_scheduled_jo..., site='vehicle_management.site', user='Administrator') (vehicle_management.site::scheduled_job::frappe.website.doctype.web_page.web_page.check_publish_status)
2024-01-29 01:09:43,188 home-extinctcoder-frappe_bench:default: Job OK (vehicle_management.site::scheduled_job::frappe.website.doctype.web_page.web_page.check_publish_status)
2024-01-29 01:09:43,189 Result is kept for 600 seconds
2024-01-29 01:09:43,198 home-extinctcoder-frappe_bench:default: frappe.utils.background_jobs.execute_job(event=None, is_async=True, job_name='frappe.core.doctype.scheduled_job_type.scheduled_job_type.run_scheduled_jo..., kwargs={'job_type': 'frappe.oauth.delete_oauth2_data'}, method='frappe.core.doctype.scheduled_job_type.scheduled_job_type.run_scheduled_jo..., site='vehicle_management.site', user='Administrator') (vehicle_management.site::scheduled_job::frappe.oauth.delete_oauth2_data)
2024-01-29 01:09:43,620 home-extinctcoder-frappe_bench:default: Job OK (vehicle_management.site::scheduled_job::frappe.oauth.delete_oauth2_data)
2024-01-29 01:09:43,620 Result is kept for 600 seconds
2024-01-29 01:09:43,629 home-extinctcoder-frappe_bench:long: frappe.utils.background_jobs.execute_job(event=None, is_async=True, job_name='frappe.core.doctype.scheduled_job_type.scheduled_job_type.run_scheduled_jo..., kwargs={'job_type': 'erpnext.stock.doctype.repost_item_valuation.repost_item_valua..., method='frappe.core.doctype.scheduled_job_type.scheduled_job_type.run_scheduled_jo..., site='vehicle_management.site', user='Administrator') (vehicle_management.site::scheduled_job::erpnext.stock.doctype.repost_item_valuation.repost_item_valuation.repost_entries)
2024-01-29 01:09:44,032 home-extinctcoder-frappe_bench:long: Job OK (vehicle_management.site::scheduled_job::erpnext.stock.doctype.repost_item_valuation.repost_item_valuation.repost_entries)
2024-01-29 01:09:44,032 Result is kept for 600 seconds
2024-01-29 01:09:44,041 home-extinctcoder-frappe_bench:long: frappe.utils.background_jobs.execute_job(event=None, is_async=True, job_name='frappe.core.doctype.scheduled_job_type.scheduled_job_type.run_scheduled_jo..., kwargs={'job_type': 'erpnext.accounts.doctype.subscription.subscription.process_al..., method='frappe.core.doctype.scheduled_job_type.scheduled_job_type.run_scheduled_jo..., site='vehicle_management.site', user='Administrator') (vehicle_management.site::scheduled_job::erpnext.accounts.doctype.subscription.subscription.process_all)
2024-01-29 01:09:44,456 home-extinctcoder-frappe_bench:long: Job OK (vehicle_management.site::scheduled_job::erpnext.accounts.doctype.subscription.subscription.process_all)
2024-01-29 01:09:44,456 Result is kept for 600 seconds
2024-01-29 01:10:32,499 home-extinctcoder-frappe_bench:default: frappe.utils.background_jobs.execute_job(event=None, is_async=True, job_name='frappe.core.doctype.scheduled_job_type.scheduled_job_type.run_scheduled_jo..., kwargs={'job_type': 'frappe.email.doctype.email_account.email_account.pull'}, method='frappe.core.doctype.scheduled_job_type.scheduled_job_type.run_scheduled_jo..., site='vehicle_management.site', user='Administrator') (vehicle_management.site::scheduled_job::frappe.email.doctype.email_account.email_account.pull)
2024-01-29 01:10:32,886 home-extinctcoder-frappe_bench:default: Job OK (vehicle_management.site::scheduled_job::frappe.email.doctype.email_account.email_account.pull)
2024-01-29 01:10:32,886 Result is kept for 600 seconds
2024-01-29 01:12:32,897 home-extinctcoder-frappe_bench:default: frappe.utils.background_jobs.execute_job(event=None, is_async=True, job_name='frappe.core.doctype.scheduled_job_type.scheduled_job_type.run_scheduled_jo..., kwargs={'job_type': 'erpnext.crm.doctype.social_media_post.social_media_post.proce..., method='frappe.core.doctype.scheduled_job_type.scheduled_job_type.run_scheduled_jo..., site='vehicle_management.site', user='Administrator') (vehicle_management.site::scheduled_job::erpnext.crm.doctype.social_media_post.social_media_post.process_scheduled_social_media_posts)
2024-01-29 01:12:33,225 home-extinctcoder-frappe_bench:default: Job OK (vehicle_management.site::scheduled_job::erpnext.crm.doctype.social_media_post.social_media_post.process_scheduled_social_media_posts)
2024-01-29 01:12:33,225 Result is kept for 600 seconds
2024-01-29 01:12:33,235 home-extinctcoder-frappe_bench:default: frappe.utils.background_jobs.execute_job(event=None, is_async=True, job_name='frappe.core.doctype.scheduled_job_type.scheduled_job_type.run_scheduled_jo..., kwargs={'job_type': 'frappe.monitor.flush'}, method='frappe.core.doctype.scheduled_job_type.scheduled_job_type.run_scheduled_jo..., site='vehicle_management.site', user='Administrator') (vehicle_management.site::scheduled_job::frappe.monitor.flush)
2024-01-29 01:12:33,545 home-extinctcoder-frappe_bench:default: Job OK (vehicle_management.site::scheduled_job::frappe.monitor.flush)
2024-01-29 01:12:33,545 Result is kept for 600 seconds
2024-01-29 01:12:33,554 home-extinctcoder-frappe_bench:default: frappe.utils.background_jobs.execute_job(event=None, is_async=True, job_name='frappe.core.doctype.scheduled_job_type.scheduled_job_type.run_scheduled_jo..., kwargs={'job_type': 'frappe.utils.global_search.sync_global_search'}, method='frappe.core.doctype.scheduled_job_type.scheduled_job_type.run_scheduled_jo..., site='vehicle_management.site', user='Administrator') (vehicle_management.site::scheduled_job::frappe.utils.global_search.sync_global_search)
2024-01-29 01:12:33,912 home-extinctcoder-frappe_bench:default: Job OK (vehicle_management.site::scheduled_job::frappe.utils.global_search.sync_global_search)
2024-01-29 01:12:33,912 Result is kept for 600 seconds
2024-01-29 01:12:33,921 home-extinctcoder-frappe_bench:default: frappe.utils.background_jobs.execute_job(event=None, is_async=True, job_name='frappe.core.doctype.scheduled_job_type.scheduled_job_type.run_scheduled_jo..., kwargs={'job_type': 'frappe.email.doctype.email_account.email_account.notify_unrep..., method='frappe.core.doctype.scheduled_job_type.scheduled_job_type.run_scheduled_jo..., site='vehicle_management.site', user='Administrator') (vehicle_management.site::scheduled_job::frappe.email.doctype.email_account.email_account.notify_unreplied)
2024-01-29 01:12:34,242 home-extinctcoder-frappe_bench:default: Job OK (vehicle_management.site::scheduled_job::frappe.email.doctype.email_account.email_account.notify_unreplied)
2024-01-29 01:12:34,242 Result is kept for 600 seconds
2024-01-29 01:12:34,251 home-extinctcoder-frappe_bench:default: frappe.utils.background_jobs.execute_job(event=None, is_async=True, job_name='frappe.core.doctype.scheduled_job_type.scheduled_job_type.run_scheduled_jo..., kwargs={'job_type': 'frappe.email.queue.flush'}, method='frappe.core.doctype.scheduled_job_type.scheduled_job_type.run_scheduled_jo..., site='vehicle_management.site', user='Administrator') (vehicle_management.site::scheduled_job::frappe.email.queue.flush)
2024-01-29 01:12:34,594 home-extinctcoder-frappe_bench:default: Job OK (vehicle_management.site::scheduled_job::frappe.email.queue.flush)
2024-01-29 01:12:34,594 Result is kept for 600 seconds
2024-01-29 01:15:33,724 home-extinctcoder-frappe_bench:default: frappe.utils.background_jobs.execute_job(event=None, is_async=True, job_name='frappe.core.doctype.scheduled_job_type.scheduled_job_type.run_scheduled_jo..., kwargs={'job_type': 'erpnext.accounts.doctype.process_payment_reconciliation.proce..., method='frappe.core.doctype.scheduled_job_type.scheduled_job_type.run_scheduled_jo..., site='vehicle_management.site', user='Administrator') (vehicle_management.site::scheduled_job::erpnext.accounts.doctype.process_payment_reconciliation.process_payment_reconciliation.trigger_reconciliation_for_queued_docs)
2024-01-29 01:15:34,355 home-extinctcoder-frappe_bench:default: Job OK (vehicle_management.site::scheduled_job::erpnext.accounts.doctype.process_payment_reconciliation.process_payment_reconciliation.trigger_reconciliation_for_queued_docs)
2024-01-29 01:15:34,355 Result is kept for 600 seconds
2024-01-29 01:15:34,367 home-extinctcoder-frappe_bench:default: frappe.utils.background_jobs.execute_job(event=None, is_async=True, job_name='frappe.core.doctype.scheduled_job_type.scheduled_job_type.run_scheduled_jo..., kwargs={'job_type': 'erpnext.manufacturing.doctype.bom_update_log.bom_update_log.r..., method='frappe.core.doctype.scheduled_job_type.scheduled_job_type.run_scheduled_jo..., site='vehicle_management.site', user='Administrator') (vehicle_management.site::scheduled_job::erpnext.manufacturing.doctype.bom_update_log.bom_update_log.resume_bom_cost_update_jobs)
2024-01-29 01:15:34,757 home-extinctcoder-frappe_bench:default: Job OK (vehicle_management.site::scheduled_job::erpnext.manufacturing.doctype.bom_update_log.bom_update_log.resume_bom_cost_update_jobs)
2024-01-29 01:15:34,757 Result is kept for 600 seconds
2024-01-29 01:15:34,766 home-extinctcoder-frappe_bench:default: frappe.utils.background_jobs.execute_job(event=None, is_async=True, job_name='frappe.core.doctype.scheduled_job_type.scheduled_job_type.run_scheduled_jo..., kwargs={'job_type': 'frappe.twofactor.delete_all_barcodes_for_users'}, method='frappe.core.doctype.scheduled_job_type.scheduled_job_type.run_scheduled_jo..., site='vehicle_management.site', user='Administrator') (vehicle_management.site::scheduled_job::frappe.twofactor.delete_all_barcodes_for_users)
2024-01-29 01:15:35,154 home-extinctcoder-frappe_bench:default: Job OK (vehicle_management.site::scheduled_job::frappe.twofactor.delete_all_barcodes_for_users)
2024-01-29 01:15:35,154 Result is kept for 600 seconds
2024-01-29 01:15:35,163 home-extinctcoder-frappe_bench:default: frappe.utils.background_jobs.execute_job(event=None, is_async=True, job_name='frappe.core.doctype.scheduled_job_type.scheduled_job_type.run_scheduled_jo..., kwargs={'job_type': 'frappe.website.doctype.web_page.web_page.check_publish_status..., method='frappe.core.doctype.scheduled_job_type.scheduled_job_type.run_scheduled_jo..., site='vehicle_management.site', user='Administrator') (vehicle_management.site::scheduled_job::frappe.website.doctype.web_page.web_page.check_publish_status)
2024-01-29 01:15:35,606 home-extinctcoder-frappe_bench:default: Job OK (vehicle_management.site::scheduled_job::frappe.website.doctype.web_page.web_page.check_publish_status)
2024-01-29 01:15:35,606 Result is kept for 600 seconds
2024-01-29 01:15:35,616 home-extinctcoder-frappe_bench:default: frappe.utils.background_jobs.execute_job(event=None, is_async=True, job_name='frappe.core.doctype.scheduled_job_type.scheduled_job_type.run_scheduled_jo..., kwargs={'job_type': 'frappe.oauth.delete_oauth2_data'}, method='frappe.core.doctype.scheduled_job_type.scheduled_job_type.run_scheduled_jo..., site='vehicle_management.site', user='Administrator') (vehicle_management.site::scheduled_job::frappe.oauth.delete_oauth2_data)
2024-01-29 01:15:36,025 home-extinctcoder-frappe_bench:default: Job OK (vehicle_management.site::scheduled_job::frappe.oauth.delete_oauth2_data)
2024-01-29 01:15:36,025 Result is kept for 600 seconds
2024-01-29 01:16:33,996 home-extinctcoder-frappe_bench:default: frappe.utils.background_jobs.execute_job(event=None, is_async=True, job_name='frappe.core.doctype.scheduled_job_type.scheduled_job_type.run_scheduled_jo..., kwargs={'job_type': 'erpnext.crm.doctype.social_media_post.social_media_post.proce..., method='frappe.core.doctype.scheduled_job_type.scheduled_job_type.run_scheduled_jo..., site='vehicle_management.site', user='Administrator') (vehicle_management.site::scheduled_job::erpnext.crm.doctype.social_media_post.social_media_post.process_scheduled_social_media_posts)
2024-01-29 01:16:34,480 home-extinctcoder-frappe_bench:default: Job OK (vehicle_management.site::scheduled_job::erpnext.crm.doctype.social_media_post.social_media_post.process_scheduled_social_media_posts)
2024-01-29 01:16:34,480 Result is kept for 600 seconds
2024-01-29 01:16:34,490 home-extinctcoder-frappe_bench:default: frappe.utils.background_jobs.execute_job(event=None, is_async=True, job_name='frappe.core.doctype.scheduled_job_type.scheduled_job_type.run_scheduled_jo..., kwargs={'job_type': 'frappe.monitor.flush'}, method='frappe.core.doctype.scheduled_job_type.scheduled_job_type.run_scheduled_jo..., site='vehicle_management.site', user='Administrator') (vehicle_management.site::scheduled_job::frappe.monitor.flush)
2024-01-29 01:16:34,795 home-extinctcoder-frappe_bench:default: Job OK (vehicle_management.site::scheduled_job::frappe.monitor.flush)
2024-01-29 01:16:34,795 Result is kept for 600 seconds
2024-01-29 01:16:34,805 home-extinctcoder-frappe_bench:default: frappe.utils.background_jobs.execute_job(event=None, is_async=True, job_name='frappe.core.doctype.scheduled_job_type.scheduled_job_type.run_scheduled_jo..., kwargs={'job_type': 'frappe.utils.global_search.sync_global_search'}, method='frappe.core.doctype.scheduled_job_type.scheduled_job_type.run_scheduled_jo..., site='vehicle_management.site', user='Administrator') (vehicle_management.site::scheduled_job::frappe.utils.global_search.sync_global_search)
2024-01-29 01:16:35,111 home-extinctcoder-frappe_bench:default: Job OK (vehicle_management.site::scheduled_job::frappe.utils.global_search.sync_global_search)
2024-01-29 01:16:35,112 Result is kept for 600 seconds
2024-01-29 01:16:35,121 home-extinctcoder-frappe_bench:default: frappe.utils.background_jobs.execute_job(event=None, is_async=True, job_name='frappe.core.doctype.scheduled_job_type.scheduled_job_type.run_scheduled_jo..., kwargs={'job_type': 'frappe.email.doctype.email_account.email_account.notify_unrep..., method='frappe.core.doctype.scheduled_job_type.scheduled_job_type.run_scheduled_jo..., site='vehicle_management.site', user='Administrator') (vehicle_management.site::scheduled_job::frappe.email.doctype.email_account.email_account.notify_unreplied)
2024-01-29 01:16:35,441 home-extinctcoder-frappe_bench:default: Job OK (vehicle_management.site::scheduled_job::frappe.email.doctype.email_account.email_account.notify_unreplied)
2024-01-29 01:16:35,441 Result is kept for 600 seconds
2024-01-29 01:16:35,450 home-extinctcoder-frappe_bench:default: frappe.utils.background_jobs.execute_job(event=None, is_async=True, job_name='frappe.core.doctype.scheduled_job_type.scheduled_job_type.run_scheduled_jo..., kwargs={'job_type': 'frappe.email.queue.flush'}, method='frappe.core.doctype.scheduled_job_type.scheduled_job_type.run_scheduled_jo..., site='vehicle_management.site', user='Administrator') (vehicle_management.site::scheduled_job::frappe.email.queue.flush)
2024-01-29 01:16:35,813 home-extinctcoder-frappe_bench:default: Job OK (vehicle_management.site::scheduled_job::frappe.email.queue.flush)
2024-01-29 01:16:35,813 Result is kept for 600 seconds
2024-01-29 01:20:34,992 home-extinctcoder-frappe_bench:default: frappe.utils.background_jobs.execute_job(event=None, is_async=True, job_name='frappe.core.doctype.scheduled_job_type.scheduled_job_type.run_scheduled_jo..., kwargs={'job_type': 'erpnext.crm.doctype.social_media_post.social_media_post.proce..., method='frappe.core.doctype.scheduled_job_type.scheduled_job_type.run_scheduled_jo..., site='vehicle_management.site', user='Administrator') (vehicle_management.site::scheduled_job::erpnext.crm.doctype.social_media_post.social_media_post.process_scheduled_social_media_posts)
2024-01-29 01:20:36,001 home-extinctcoder-frappe_bench:default: Job OK (vehicle_management.site::scheduled_job::erpnext.crm.doctype.social_media_post.social_media_post.process_scheduled_social_media_posts)
2024-01-29 01:20:36,001 Result is kept for 600 seconds
2024-01-29 01:20:36,014 home-extinctcoder-frappe_bench:default: frappe.utils.background_jobs.execute_job(event=None, is_async=True, job_name='frappe.core.doctype.scheduled_job_type.scheduled_job_type.run_scheduled_jo..., kwargs={'job_type': 'frappe.monitor.flush'}, method='frappe.core.doctype.scheduled_job_type.scheduled_job_type.run_scheduled_jo..., site='vehicle_management.site', user='Administrator') (vehicle_management.site::scheduled_job::frappe.monitor.flush)
2024-01-29 01:20:36,340 home-extinctcoder-frappe_bench:default: Job OK (vehicle_management.site::scheduled_job::frappe.monitor.flush)
2024-01-29 01:20:36,340 Result is kept for 600 seconds
2024-01-29 01:20:36,349 home-extinctcoder-frappe_bench:default: frappe.utils.background_jobs.execute_job(event=None, is_async=True, job_name='frappe.core.doctype.scheduled_job_type.scheduled_job_type.run_scheduled_jo..., kwargs={'job_type': 'frappe.utils.global_search.sync_global_search'}, method='frappe.core.doctype.scheduled_job_type.scheduled_job_type.run_scheduled_jo..., site='vehicle_management.site', user='Administrator') (vehicle_management.site::scheduled_job::frappe.utils.global_search.sync_global_search)
2024-01-29 01:20:36,672 home-extinctcoder-frappe_bench:default: Job OK (vehicle_management.site::scheduled_job::frappe.utils.global_search.sync_global_search)
2024-01-29 01:20:36,673 Result is kept for 600 seconds
2024-01-29 01:20:36,682 home-extinctcoder-frappe_bench:default: frappe.utils.background_jobs.execute_job(event=None, is_async=True, job_name='frappe.core.doctype.scheduled_job_type.scheduled_job_type.run_scheduled_jo..., kwargs={'job_type': 'frappe.email.doctype.email_account.email_account.notify_unrep..., method='frappe.core.doctype.scheduled_job_type.scheduled_job_type.run_scheduled_jo..., site='vehicle_management.site', user='Administrator') (vehicle_management.site::scheduled_job::frappe.email.doctype.email_account.email_account.notify_unreplied)
2024-01-29 01:20:37,024 home-extinctcoder-frappe_bench:default: Job OK (vehicle_management.site::scheduled_job::frappe.email.doctype.email_account.email_account.notify_unreplied)
2024-01-29 01:20:37,024 Result is kept for 600 seconds
2024-01-29 01:20:37,034 home-extinctcoder-frappe_bench:default: frappe.utils.background_jobs.execute_job(event=None, is_async=True, job_name='frappe.core.doctype.scheduled_job_type.scheduled_job_type.run_scheduled_jo..., kwargs={'job_type': 'frappe.email.queue.flush'}, method='frappe.core.doctype.scheduled_job_type.scheduled_job_type.run_scheduled_jo..., site='vehicle_management.site', user='Administrator') (vehicle_management.site::scheduled_job::frappe.email.queue.flush)
2024-01-29 01:20:37,412 home-extinctcoder-frappe_bench:default: Job OK (vehicle_management.site::scheduled_job::frappe.email.queue.flush)
2024-01-29 01:20:37,412 Result is kept for 600 seconds
2024-01-29 01:20:37,422 home-extinctcoder-frappe_bench:default: frappe.utils.background_jobs.execute_job(event=None, is_async=True, job_name='frappe.core.doctype.scheduled_job_type.scheduled_job_type.run_scheduled_jo..., kwargs={'job_type': 'frappe.email.doctype.email_account.email_account.pull'}, method='frappe.core.doctype.scheduled_job_type.scheduled_job_type.run_scheduled_jo..., site='vehicle_management.site', user='Administrator') (vehicle_management.site::scheduled_job::frappe.email.doctype.email_account.email_account.pull)
2024-01-29 01:20:37,837 home-extinctcoder-frappe_bench:default: Job OK (vehicle_management.site::scheduled_job::frappe.email.doctype.email_account.email_account.pull)
2024-01-29 01:20:37,837 Result is kept for 600 seconds
2024-01-29 01:24:36,179 home-extinctcoder-frappe_bench:default: frappe.utils.background_jobs.execute_job(event=None, is_async=True, job_name='frappe.core.doctype.scheduled_job_type.scheduled_job_type.run_scheduled_jo..., kwargs={'job_type': 'erpnext.crm.doctype.social_media_post.social_media_post.proce..., method='frappe.core.doctype.scheduled_job_type.scheduled_job_type.run_scheduled_jo..., site='vehicle_management.site', user='Administrator') (vehicle_management.site::scheduled_job::erpnext.crm.doctype.social_media_post.social_media_post.process_scheduled_social_media_posts)
2024-01-29 01:24:37,367 home-extinctcoder-frappe_bench:default: Job OK (vehicle_management.site::scheduled_job::erpnext.crm.doctype.social_media_post.social_media_post.process_scheduled_social_media_posts)
2024-01-29 01:24:37,367 Result is kept for 600 seconds
2024-01-29 01:24:37,378 home-extinctcoder-frappe_bench:default: frappe.utils.background_jobs.execute_job(event=None, is_async=True, job_name='frappe.core.doctype.scheduled_job_type.scheduled_job_type.run_scheduled_jo..., kwargs={'job_type': 'frappe.monitor.flush'}, method='frappe.core.doctype.scheduled_job_type.scheduled_job_type.run_scheduled_jo..., site='vehicle_management.site', user='Administrator') (vehicle_management.site::scheduled_job::frappe.monitor.flush)
2024-01-29 01:24:37,706 home-extinctcoder-frappe_bench:default: Job OK (vehicle_management.site::scheduled_job::frappe.monitor.flush)
2024-01-29 01:24:37,706 Result is kept for 600 seconds
2024-01-29 01:24:37,716 home-extinctcoder-frappe_bench:default: frappe.utils.background_jobs.execute_job(event=None, is_async=True, job_name='frappe.core.doctype.scheduled_job_type.scheduled_job_type.run_scheduled_jo..., kwargs={'job_type': 'frappe.utils.global_search.sync_global_search'}, method='frappe.core.doctype.scheduled_job_type.scheduled_job_type.run_scheduled_jo..., site='vehicle_management.site', user='Administrator') (vehicle_management.site::scheduled_job::frappe.utils.global_search.sync_global_search)
2024-01-29 01:24:38,047 home-extinctcoder-frappe_bench:default: Job OK (vehicle_management.site::scheduled_job::frappe.utils.global_search.sync_global_search)
2024-01-29 01:24:38,047 Result is kept for 600 seconds
2024-01-29 01:24:38,056 home-extinctcoder-frappe_bench:default: frappe.utils.background_jobs.execute_job(event=None, is_async=True, job_name='frappe.core.doctype.scheduled_job_type.scheduled_job_type.run_scheduled_jo..., kwargs={'job_type': 'frappe.email.doctype.email_account.email_account.notify_unrep..., method='frappe.core.doctype.scheduled_job_type.scheduled_job_type.run_scheduled_jo..., site='vehicle_management.site', user='Administrator') (vehicle_management.site::scheduled_job::frappe.email.doctype.email_account.email_account.notify_unreplied)
2024-01-29 01:24:38,424 home-extinctcoder-frappe_bench:default: Job OK (vehicle_management.site::scheduled_job::frappe.email.doctype.email_account.email_account.notify_unreplied)
2024-01-29 01:24:38,424 Result is kept for 600 seconds
2024-01-29 01:24:38,434 home-extinctcoder-frappe_bench:default: frappe.utils.background_jobs.execute_job(event=None, is_async=True, job_name='frappe.core.doctype.scheduled_job_type.scheduled_job_type.run_scheduled_jo..., kwargs={'job_type': 'frappe.email.queue.flush'}, method='frappe.core.doctype.scheduled_job_type.scheduled_job_type.run_scheduled_jo..., site='vehicle_management.site', user='Administrator') (vehicle_management.site::scheduled_job::frappe.email.queue.flush)
2024-01-29 01:24:38,831 home-extinctcoder-frappe_bench:default: Job OK (vehicle_management.site::scheduled_job::frappe.email.queue.flush)
2024-01-29 01:24:38,831 Result is kept for 600 seconds
2024-01-29 01:28:37,269 home-extinctcoder-frappe_bench:default: frappe.utils.background_jobs.execute_job(event=None, is_async=True, job_name='frappe.core.doctype.scheduled_job_type.scheduled_job_type.run_scheduled_jo..., kwargs={'job_type': 'erpnext.crm.doctype.social_media_post.social_media_post.proce..., method='frappe.core.doctype.scheduled_job_type.scheduled_job_type.run_scheduled_jo..., site='vehicle_management.site', user='Administrator') (vehicle_management.site::scheduled_job::erpnext.crm.doctype.social_media_post.social_media_post.process_scheduled_social_media_posts)
2024-01-29 01:28:37,624 home-extinctcoder-frappe_bench:default: Job OK (vehicle_management.site::scheduled_job::erpnext.crm.doctype.social_media_post.social_media_post.process_scheduled_social_media_posts)
2024-01-29 01:28:37,624 Result is kept for 600 seconds
2024-01-29 01:28:37,634 home-extinctcoder-frappe_bench:default: frappe.utils.background_jobs.execute_job(event=None, is_async=True, job_name='frappe.core.doctype.scheduled_job_type.scheduled_job_type.run_scheduled_jo..., kwargs={'job_type': 'frappe.monitor.flush'}, method='frappe.core.doctype.scheduled_job_type.scheduled_job_type.run_scheduled_jo..., site='vehicle_management.site', user='Administrator') (vehicle_management.site::scheduled_job::frappe.monitor.flush)
2024-01-29 01:28:37,973 home-extinctcoder-frappe_bench:default: Job OK (vehicle_management.site::scheduled_job::frappe.monitor.flush)
2024-01-29 01:28:37,973 Result is kept for 600 seconds
2024-01-29 01:28:37,983 home-extinctcoder-frappe_bench:default: frappe.utils.background_jobs.execute_job(event=None, is_async=True, job_name='frappe.core.doctype.scheduled_job_type.scheduled_job_type.run_scheduled_jo..., kwargs={'job_type': 'frappe.utils.global_search.sync_global_search'}, method='frappe.core.doctype.scheduled_job_type.scheduled_job_type.run_scheduled_jo..., site='vehicle_management.site', user='Administrator') (vehicle_management.site::scheduled_job::frappe.utils.global_search.sync_global_search)
2024-01-29 01:28:38,312 home-extinctcoder-frappe_bench:default: Job OK (vehicle_management.site::scheduled_job::frappe.utils.global_search.sync_global_search)
2024-01-29 01:28:38,312 Result is kept for 600 seconds
2024-01-29 01:28:38,322 home-extinctcoder-frappe_bench:default: frappe.utils.background_jobs.execute_job(event=None, is_async=True, job_name='frappe.core.doctype.scheduled_job_type.scheduled_job_type.run_scheduled_jo..., kwargs={'job_type': 'frappe.email.doctype.email_account.email_account.notify_unrep..., method='frappe.core.doctype.scheduled_job_type.scheduled_job_type.run_scheduled_jo..., site='vehicle_management.site', user='Administrator') (vehicle_management.site::scheduled_job::frappe.email.doctype.email_account.email_account.notify_unreplied)
2024-01-29 01:28:38,676 home-extinctcoder-frappe_bench:default: Job OK (vehicle_management.site::scheduled_job::frappe.email.doctype.email_account.email_account.notify_unreplied)
2024-01-29 01:28:38,676 Result is kept for 600 seconds
2024-01-29 01:28:38,686 home-extinctcoder-frappe_bench:default: frappe.utils.background_jobs.execute_job(event=None, is_async=True, job_name='frappe.core.doctype.scheduled_job_type.scheduled_job_type.run_scheduled_jo..., kwargs={'job_type': 'frappe.email.queue.flush'}, method='frappe.core.doctype.scheduled_job_type.scheduled_job_type.run_scheduled_jo..., site='vehicle_management.site', user='Administrator') (vehicle_management.site::scheduled_job::frappe.email.queue.flush)
2024-01-29 01:28:39,070 home-extinctcoder-frappe_bench:default: Job OK (vehicle_management.site::scheduled_job::frappe.email.queue.flush)
2024-01-29 01:28:39,070 Result is kept for 600 seconds
2024-01-29 01:30:37,829 home-extinctcoder-frappe_bench:default: frappe.utils.background_jobs.execute_job(event=None, is_async=True, job_name='frappe.core.doctype.scheduled_job_type.scheduled_job_type.run_scheduled_jo..., kwargs={'job_type': 'erpnext.accounts.doctype.gl_entry.gl_entry.rename_gle_sle_doc..., method='frappe.core.doctype.scheduled_job_type.scheduled_job_type.run_scheduled_jo..., site='vehicle_management.site', user='Administrator') (vehicle_management.site::scheduled_job::erpnext.accounts.doctype.gl_entry.gl_entry.rename_gle_sle_docs)
2024-01-29 01:30:38,449 home-extinctcoder-frappe_bench:default: Job OK (vehicle_management.site::scheduled_job::erpnext.accounts.doctype.gl_entry.gl_entry.rename_gle_sle_docs)
2024-01-29 01:30:38,449 Result is kept for 600 seconds
2024-01-29 01:30:38,456 Cleaning registries for queue: home-extinctcoder-frappe_bench:short
2024-01-29 01:30:38,460 Cleaning registries for queue: home-extinctcoder-frappe_bench:default
2024-01-29 01:30:38,462 Cleaning registries for queue: home-extinctcoder-frappe_bench:long
2024-01-29 01:30:38,466 home-extinctcoder-frappe_bench:default: frappe.utils.background_jobs.execute_job(event=None, is_async=True, job_name='frappe.core.doctype.scheduled_job_type.scheduled_job_type.run_scheduled_jo..., kwargs={'job_type': 'erpnext.utilities.doctype.video.video.update_youtube_data'}, method='frappe.core.doctype.scheduled_job_type.scheduled_job_type.run_scheduled_jo..., site='vehicle_management.site', user='Administrator') (vehicle_management.site::scheduled_job::erpnext.utilities.doctype.video.video.update_youtube_data)
2024-01-29 01:30:38,917 home-extinctcoder-frappe_bench:default: Job OK (vehicle_management.site::scheduled_job::erpnext.utilities.doctype.video.video.update_youtube_data)
2024-01-29 01:30:38,918 Result is kept for 600 seconds
2024-01-29 01:30:38,927 home-extinctcoder-frappe_bench:default: frappe.utils.background_jobs.execute_job(event=None, is_async=True, job_name='frappe.core.doctype.scheduled_job_type.scheduled_job_type.run_scheduled_jo..., kwargs={'job_type': 'erpnext.accounts.doctype.process_payment_reconciliation.proce..., method='frappe.core.doctype.scheduled_job_type.scheduled_job_type.run_scheduled_jo..., site='vehicle_management.site', user='Administrator') (vehicle_management.site::scheduled_job::erpnext.accounts.doctype.process_payment_reconciliation.process_payment_reconciliation.trigger_reconciliation_for_queued_docs)
2024-01-29 01:30:39,327 home-extinctcoder-frappe_bench:default: Job OK (vehicle_management.site::scheduled_job::erpnext.accounts.doctype.process_payment_reconciliation.process_payment_reconciliation.trigger_reconciliation_for_queued_docs)
2024-01-29 01:30:39,327 Result is kept for 600 seconds
2024-01-29 01:30:39,337 home-extinctcoder-frappe_bench:default: frappe.utils.background_jobs.execute_job(event=None, is_async=True, job_name='frappe.core.doctype.scheduled_job_type.scheduled_job_type.run_scheduled_jo..., kwargs={'job_type': 'erpnext.manufacturing.doctype.bom_update_log.bom_update_log.r..., method='frappe.core.doctype.scheduled_job_type.scheduled_job_type.run_scheduled_jo..., site='vehicle_management.site', user='Administrator') (vehicle_management.site::scheduled_job::erpnext.manufacturing.doctype.bom_update_log.bom_update_log.resume_bom_cost_update_jobs)
2024-01-29 01:30:39,713 home-extinctcoder-frappe_bench:default: Job OK (vehicle_management.site::scheduled_job::erpnext.manufacturing.doctype.bom_update_log.bom_update_log.resume_bom_cost_update_jobs)
2024-01-29 01:30:39,714 Result is kept for 600 seconds
2024-01-29 01:30:39,723 home-extinctcoder-frappe_bench:default: frappe.utils.background_jobs.execute_job(event=None, is_async=True, job_name='frappe.core.doctype.scheduled_job_type.scheduled_job_type.run_scheduled_jo..., kwargs={'job_type': 'frappe.email.doctype.email_account.email_account.pull'}, method='frappe.core.doctype.scheduled_job_type.scheduled_job_type.run_scheduled_jo..., site='vehicle_management.site', user='Administrator') (vehicle_management.site::scheduled_job::frappe.email.doctype.email_account.email_account.pull)
2024-01-29 01:30:40,133 home-extinctcoder-frappe_bench:default: Job OK (vehicle_management.site::scheduled_job::frappe.email.doctype.email_account.email_account.pull)
2024-01-29 01:30:40,133 Result is kept for 600 seconds
2024-01-29 01:30:40,143 home-extinctcoder-frappe_bench:default: frappe.utils.background_jobs.execute_job(event=None, is_async=True, job_name='frappe.core.doctype.scheduled_job_type.scheduled_job_type.run_scheduled_jo..., kwargs={'job_type': 'frappe.twofactor.delete_all_barcodes_for_users'}, method='frappe.core.doctype.scheduled_job_type.scheduled_job_type.run_scheduled_jo..., site='vehicle_management.site', user='Administrator') (vehicle_management.site::scheduled_job::frappe.twofactor.delete_all_barcodes_for_users)
2024-01-29 01:30:40,553 home-extinctcoder-frappe_bench:default: Job OK (vehicle_management.site::scheduled_job::frappe.twofactor.delete_all_barcodes_for_users)
2024-01-29 01:30:40,553 Result is kept for 600 seconds
2024-01-29 01:30:40,564 home-extinctcoder-frappe_bench:default: frappe.utils.background_jobs.execute_job(event=None, is_async=True, job_name='frappe.core.doctype.scheduled_job_type.scheduled_job_type.run_scheduled_jo..., kwargs={'job_type': 'frappe.website.doctype.web_page.web_page.check_publish_status..., method='frappe.core.doctype.scheduled_job_type.scheduled_job_type.run_scheduled_jo..., site='vehicle_management.site', user='Administrator') (vehicle_management.site::scheduled_job::frappe.website.doctype.web_page.web_page.check_publish_status)
2024-01-29 01:30:41,050 home-extinctcoder-frappe_bench:default: Job OK (vehicle_management.site::scheduled_job::frappe.website.doctype.web_page.web_page.check_publish_status)
2024-01-29 01:30:41,051 Result is kept for 600 seconds
2024-01-29 01:30:41,061 home-extinctcoder-frappe_bench:default: frappe.utils.background_jobs.execute_job(event=None, is_async=True, job_name='frappe.core.doctype.scheduled_job_type.scheduled_job_type.run_scheduled_jo..., kwargs={'job_type': 'frappe.oauth.delete_oauth2_data'}, method='frappe.core.doctype.scheduled_job_type.scheduled_job_type.run_scheduled_jo..., site='vehicle_management.site', user='Administrator') (vehicle_management.site::scheduled_job::frappe.oauth.delete_oauth2_data)
2024-01-29 01:30:41,479 home-extinctcoder-frappe_bench:default: Job OK (vehicle_management.site::scheduled_job::frappe.oauth.delete_oauth2_data)
2024-01-29 01:30:41,479 Result is kept for 600 seconds
2024-01-29 01:32:38,389 home-extinctcoder-frappe_bench:default: frappe.utils.background_jobs.execute_job(event=None, is_async=True, job_name='frappe.core.doctype.scheduled_job_type.scheduled_job_type.run_scheduled_jo..., kwargs={'job_type': 'erpnext.crm.doctype.social_media_post.social_media_post.proce..., method='frappe.core.doctype.scheduled_job_type.scheduled_job_type.run_scheduled_jo..., site='vehicle_management.site', user='Administrator') (vehicle_management.site::scheduled_job::erpnext.crm.doctype.social_media_post.social_media_post.process_scheduled_social_media_posts)
2024-01-29 01:32:38,729 home-extinctcoder-frappe_bench:default: Job OK (vehicle_management.site::scheduled_job::erpnext.crm.doctype.social_media_post.social_media_post.process_scheduled_social_media_posts)
2024-01-29 01:32:38,729 Result is kept for 600 seconds
2024-01-29 01:32:38,738 home-extinctcoder-frappe_bench:default: frappe.utils.background_jobs.execute_job(event=None, is_async=True, job_name='frappe.core.doctype.scheduled_job_type.scheduled_job_type.run_scheduled_jo..., kwargs={'job_type': 'frappe.monitor.flush'}, method='frappe.core.doctype.scheduled_job_type.scheduled_job_type.run_scheduled_jo..., site='vehicle_management.site', user='Administrator') (vehicle_management.site::scheduled_job::frappe.monitor.flush)
2024-01-29 01:32:39,063 home-extinctcoder-frappe_bench:default: Job OK (vehicle_management.site::scheduled_job::frappe.monitor.flush)
2024-01-29 01:32:39,063 Result is kept for 600 seconds
2024-01-29 01:32:39,073 home-extinctcoder-frappe_bench:default: frappe.utils.background_jobs.execute_job(event=None, is_async=True, job_name='frappe.core.doctype.scheduled_job_type.scheduled_job_type.run_scheduled_jo..., kwargs={'job_type': 'frappe.utils.global_search.sync_global_search'}, method='frappe.core.doctype.scheduled_job_type.scheduled_job_type.run_scheduled_jo..., site='vehicle_management.site', user='Administrator') (vehicle_management.site::scheduled_job::frappe.utils.global_search.sync_global_search)
2024-01-29 01:32:39,393 home-extinctcoder-frappe_bench:default: Job OK (vehicle_management.site::scheduled_job::frappe.utils.global_search.sync_global_search)
2024-01-29 01:32:39,393 Result is kept for 600 seconds
2024-01-29 01:32:39,403 home-extinctcoder-frappe_bench:default: frappe.utils.background_jobs.execute_job(event=None, is_async=True, job_name='frappe.core.doctype.scheduled_job_type.scheduled_job_type.run_scheduled_jo..., kwargs={'job_type': 'frappe.email.doctype.email_account.email_account.notify_unrep..., method='frappe.core.doctype.scheduled_job_type.scheduled_job_type.run_scheduled_jo..., site='vehicle_management.site', user='Administrator') (vehicle_management.site::scheduled_job::frappe.email.doctype.email_account.email_account.notify_unreplied)
2024-01-29 01:32:39,744 home-extinctcoder-frappe_bench:default: Job OK (vehicle_management.site::scheduled_job::frappe.email.doctype.email_account.email_account.notify_unreplied)
2024-01-29 01:32:39,744 Result is kept for 600 seconds
2024-01-29 01:32:39,754 home-extinctcoder-frappe_bench:default: frappe.utils.background_jobs.execute_job(event=None, is_async=True, job_name='frappe.core.doctype.scheduled_job_type.scheduled_job_type.run_scheduled_jo..., kwargs={'job_type': 'frappe.email.queue.flush'}, method='frappe.core.doctype.scheduled_job_type.scheduled_job_type.run_scheduled_jo..., site='vehicle_management.site', user='Administrator') (vehicle_management.site::scheduled_job::frappe.email.queue.flush)
2024-01-29 01:32:40,123 home-extinctcoder-frappe_bench:default: Job OK (vehicle_management.site::scheduled_job::frappe.email.queue.flush)
2024-01-29 01:32:40,123 Result is kept for 600 seconds
